"../../../Engine/Content/EditorBlueprintResources/ActorMacros.uasset" 0
"../../../Engine/Content/EditorBlueprintResources/StandardMacros.uasset" 1
"../../../../../../Unreal Projects/Study/Content/Mannequin/Character/Mesh/Idle_Skeleton.uasset" 2
"../../../../../../Unreal Projects/Study/Content/Mannequin/Animations/Death/Falling_Back_Death.uasset" 3
"../../../../../../Unreal Projects/Study/Content/Mannequin/Animations/Death/Standing_Death_Forward_01.uasset" 4
"../../../../../../Unreal Projects/Study/Content/Mannequin/Animations/Death/Standing_Death_Left_01.uasset" 5
"../../../../../../Unreal Projects/Study/Content/Mannequin/Animations/Death/Sword_And_Shield_Death.uasset" 6
"../../../../../../Unreal Projects/Study/Content/Mannequin/Animations/Death/Two_Handed_Sword_Death.uasset" 7
"../../../../../../Unreal Projects/Study/Content/Mannequin/Animations/Archier/Standing_Idle_01.uasset" 8
"../../../../../../Unreal Projects/Study/Content/Mannequin/Animations/Archier/Standing_Run_Forward.uasset" 9
"../../../../../../Unreal Projects/Study/Content/Mannequin/Animations/Archier/Standing_Walk_Forward.uasset" 10
"../../../../../../Unreal Projects/Study/Content/Mannequin/Animations/Archier/AC_Idle.uasset" 11
"../../../../../../Unreal Projects/Study/Content/Mannequin/Animations/Basic/Running-2.uasset" 12
"../../../../../../Unreal Projects/Study/Content/Mannequin/Animations/Basic/Running_Normal.uasset" 13
"../../../../../../Unreal Projects/Study/Content/Mannequin/Animations/Basic/Walking.uasset" 14
"../../../../../../Unreal Projects/Study/Content/Mannequin/Animations/Hammer/Unarmed_Idle.uasset" 15
"../../../../../../Unreal Projects/Study/Content/Mannequin/Animations/Basic/Basic_Idle.uasset" 16
"../../../../../../Unreal Projects/Study/Content/Mannequin/Animations/Hammer/Standing_Idle_Looking_Ver__2.uasset" 17
"../../../../../../Unreal Projects/Study/Content/Mannequin/Animations/Hammer/Standing_Run_Forward.uasset" 18
"../../../../../../Unreal Projects/Study/Content/Mannequin/Animations/Hammer/Standing_Walk_Forward.uasset" 19
"../../../../../../Unreal Projects/Study/Content/Mannequin/Animations/Hammer/HM_Idle.uasset" 20
"../../../../../../Unreal Projects/Study/Content/Mannequin/Animations/Magician/Standing_Idle_03.uasset" 21
"../../../../../../Unreal Projects/Study/Content/Mannequin/Animations/Magician/Standing_Run_Forward.uasset" 22
"../../../../../../Unreal Projects/Study/Content/Mannequin/Animations/Magician/Standing_Walk_Forward.uasset" 23
"../../../../../../Unreal Projects/Study/Content/Mannequin/Animations/Magician/MG_Idle.uasset" 24
"../../../../../../Unreal Projects/Study/Content/Mannequin/Animations/SwordAndShield/Run_With_Sword.uasset" 25
"../../../../../../Unreal Projects/Study/Content/Mannequin/Animations/SwordAndShield/Sword_And_Shield_Idle_2.uasset" 26
"../../../../../../Unreal Projects/Study/Content/Mannequin/Animations/SwordAndShield/Sword_And_Shield_Run.uasset" 27
"../../../../../../Unreal Projects/Study/Content/Mannequin/Animations/SwordAndShield/Sword_And_Shield_Walk.uasset" 28
"../../../../../../Unreal Projects/Study/Content/Mannequin/Animations/SwordAndShield/SS_Idle_Run.uasset" 29
"../../../../../../Unreal Projects/Study/Content/Mannequin/Animations/Torch/Standing_Torch_Idle_01.uasset" 30
"../../../../../../Unreal Projects/Study/Content/Mannequin/Animations/Torch/Standing_Torch_Run_Forward.uasset" 31
"../../../../../../Unreal Projects/Study/Content/Mannequin/Animations/Torch/Standing_Torch_Walk_Forward.uasset" 32
"../../../../../../Unreal Projects/Study/Content/Mannequin/Animations/Torch/TC_Idle.uasset" 33
"../../../../../../Unreal Projects/Study/Content/Mannequin/Animations/Reference_Anim_BP.uasset" 34
"../../../../../../Unreal Projects/Study/Content/Mannequin/Animations/Basic/Punching.uasset" 35
"../../../../../../Unreal Projects/Study/Content/Mannequin/Animations/Basic/Punch1.uasset" 36
"../../../../../../Unreal Projects/Study/Content/Mannequin/Animations/Basic/Punching_1.uasset" 37
"../../../../../../Unreal Projects/Study/Content/Mannequin/Animations/Basic/Punch2.uasset" 38
"../../../../../../Unreal Projects/Study/Content/Mannequin/Animations/Basic/Punching_2.uasset" 39
"../../../../../../Unreal Projects/Study/Content/Mannequin/Animations/Basic/Punch3.uasset" 40
"../../../../../../Unreal Projects/Study/Content/Mannequin/Animations/Basic/Punching_3.uasset" 41
"../../../../../../Unreal Projects/Study/Content/Mannequin/Animations/Basic/Punch4.uasset" 42
"../../../../../../Unreal Projects/Study/Content/Mannequin/Animations/SwordAndShield/Sword_And_Shield_Slash.uasset" 43
"../../../../../../Unreal Projects/Study/Content/Mannequin/Animations/SwordAndShield/SS_Atk1.uasset" 44
"../../../../../../Unreal Projects/Study/Content/Mannequin/Animations/SwordAndShield/Sword_And_Shield_Slash_1.uasset" 45
"../../../../../../Unreal Projects/Study/Content/Mannequin/Animations/SwordAndShield/SS_Atk2.uasset" 46
"../../../../../../Unreal Projects/Study/Content/Mannequin/Animations/SwordAndShield/Stable_Sword_Inward_Slash.uasset" 47
"../../../../../../Unreal Projects/Study/Content/Mannequin/Animations/SwordAndShield/SS_Atk3.uasset" 48
"../../../../../../Unreal Projects/Study/Content/ThirdPersonCPP/Blueprints/TPC_PC.uasset" 49
"../../../../../../Unreal Projects/Study/Content/Mannequin/Character/Mesh/Clothing/dressed_packed0_diffuse.uasset" 50
"../../../../../../Unreal Projects/Study/Content/Mannequin/Character/Mesh/Clothing/dressed_packed0_gloss.uasset" 51
"../../../../../../Unreal Projects/Study/Content/Mannequin/Character/Mesh/Clothing/dressed_packed0_normal.uasset" 52
"../../../../../../Unreal Projects/Study/Content/Mannequin/Character/Mesh/Clothing/M_test.uasset" 53
"../../../../../../Unreal Projects/Study/Content/Mannequin/Character/Mesh/Clothing/boots_PhysicsAsset.uasset" 54
"../../../../../../Unreal Projects/Study/Content/Mannequin/Character/Mesh/Clothing/boots.uasset" 55
"../../../../../../Unreal Projects/Study/Content/Mannequin/Character/Mesh/Clothing/chest_PhysicsAsset.uasset" 56
"../../../../../../Unreal Projects/Study/Content/Mannequin/Character/Mesh/Clothing/chest.uasset" 57
"../../../../../../Unreal Projects/Study/Content/Mannequin/Character/Mesh/Clothing/head_PhysicsAsset.uasset" 58
"../../../../../../Unreal Projects/Study/Content/Mannequin/Character/Mesh/Clothing/head.uasset" 59
"../../../../../../Unreal Projects/Study/Content/UI/Actions/Inventory/helmet.uasset" 60
"../../../../../../Unreal Projects/Study/Content/UI/Actions/Inventory/Shield.uasset" 61
"../../../../../../Unreal Projects/Study/Content/UI/Actions/Inventory/shoes.uasset" 62
"../../../../../../Unreal Projects/Study/Content/UI/Actions/Inventory/Sword.uasset" 63
"../../../../../../Unreal Projects/Study/Content/UI/Life/Images/GoldBar.uasset" 64
"../../../../../../Unreal Projects/Study/Content/WeaponsMesh/InfinityBladeWeapons/Weapons/Blade/Axes/Blade_HeavyAxe/T_Blade_HeavyAxe1_D.uasset" 65
"../../../../../../Unreal Projects/Study/Content/WeaponsMesh/InfinityBladeWeapons/Weapons/Blade/Swords/Blade_HeroSword16/T_Blade_HeroSword161_D.uasset" 66
"../../../../../../Unreal Projects/Study/Content/WeaponsMesh/InfinityBladeWeapons/Weapons/Blade/Swords/Blade_HeroSword16/T_Blade_HeroSword161_M.uasset" 67
"../../../../../../Unreal Projects/Study/Content/WeaponsMesh/InfinityBladeWeapons/Weapons/Blade/Swords/Blade_HeroSword16/T_Blade_HeroSword161_N.uasset" 68
"../../../../../../Unreal Projects/Study/Content/WeaponsMesh/InfinityBladeWeapons/Weapons/Blade/Swords/Blade_HeroSword16/T_Blade_HeroSword162_D.uasset" 69
"../../../../../../Unreal Projects/Study/Content/WeaponsMesh/InfinityBladeWeapons/Weapons/Blade/Swords/Blade_HeroSword16/T_Blade_HeroSword162_M.uasset" 70
"../../../../../../Unreal Projects/Study/Content/WeaponsMesh/InfinityBladeWeapons/Weapons/Blade/Swords/Blade_HeroSword16/T_Blade_HeroSword162_N.uasset" 71
"../../../../../../Unreal Projects/Study/Content/WeaponsMesh/InfinityBladeWeapons/Weapons/Blade/Swords/Blade_HeroSword16/M_Blade_HeroSword16.uasset" 72
"../../../../../../Unreal Projects/Study/Content/WeaponsMesh/InfinityBladeWeapons/Weapons/Blade/Swords/Blade_HeroSword16/SK_Blade_HeroSword16_Physics.uasset" 73
"../../../../../../Unreal Projects/Study/Content/WeaponsMesh/InfinityBladeWeapons/Weapons/Blade/Swords/Blade_HeroSword16/SK_Blade_HeroSword16_Skeleton.uasset" 74
"../../../../../../Unreal Projects/Study/Content/WeaponsMesh/InfinityBladeWeapons/Weapons/Blade/Swords/Blade_HeroSword16/SK_Blade_HeroSword16.uasset" 75
"../../../../../../Unreal Projects/Study/Content/WeaponsMesh/InfinityBladeWeapons/Weapons/Blunt/Blunt_Primative/T_Blunt_Primative1_D.uasset" 76
"../../../../../../Unreal Projects/Study/Content/WeaponsMesh/InfinityBladeWeapons/Weapons/Blunt/Blunt_Primative/T_Blunt_Primative1_N.uasset" 77
"../../../../../../Unreal Projects/Study/Content/WeaponsMesh/InfinityBladeWeapons/Weapons/Blunt/Blunt_Primative/T_Blunt_Primative2_D.uasset" 78
"../../../../../../Unreal Projects/Study/Content/WeaponsMesh/InfinityBladeWeapons/Weapons/Blunt/Blunt_Primative/T_Blunt_Primative2_N.uasset" 79
"../../../../../../Unreal Projects/Study/Content/WeaponsMesh/InfinityBladeWeapons/Weapons/Blunt/Blunt_Primative/M_Blunt_Primative.uasset" 80
"../../../../../../Unreal Projects/Study/Content/WeaponsMesh/InfinityBladeWeapons/Weapons/Blunt/Blunt_Primative/SK_Blunt_PrimativeB_Physics.uasset" 81
"../../../../../../Unreal Projects/Study/Content/WeaponsMesh/InfinityBladeWeapons/Weapons/Blunt/Blunt_Primative/SK_Blunt_PrimativeB_Skeleton.uasset" 82
"../../../../../../Unreal Projects/Study/Content/WeaponsMesh/InfinityBladeWeapons/Weapons/Blunt/Blunt_Primative/SK_Blunt_PrimativeB.uasset" 83
"../../../../../../Unreal Projects/Study/Content/WeaponsMesh/Weapon_Pack/Textures/Weapons/T_Weapon_Set1_BaseColor.uasset" 84
"../../../../../../Unreal Projects/Study/Content/WeaponsMesh/Weapon_Pack/Textures/Weapons/T_Weapon_Set1_Normal.uasset" 85
"../../../../../../Unreal Projects/Study/Content/WeaponsMesh/Weapon_Pack/Textures/Weapons/T_Weapon_Set1_OcclusionRoughnessMetallic.uasset" 86
"../../../../../../Unreal Projects/Study/Content/WeaponsMesh/Weapon_Pack/Materials/Weapons/M_WeaponSet_1.uasset" 87
"../../../../../../Unreal Projects/Study/Content/WeaponsMesh/Weapon_Pack/Skeletal_Mesh/SK_Shield_PhysicsAsset.uasset" 88
"../../../../../../Unreal Projects/Study/Content/WeaponsMesh/Weapon_Pack/Skeletal_Mesh/SK_Shield_Skeleton.uasset" 89
"../../../../../../Unreal Projects/Study/Content/WeaponsMesh/Weapon_Pack/Skeletal_Mesh/SK_Shield.uasset" 90
"../../../../../../Unreal Projects/Study/Content/DataTables/Pickups.uasset" 91
"../../../../../../Unreal Projects/Study/Content/UI/Life/CharlemagneStd-Bold.uasset" 92
"../../../../../../Unreal Projects/Study/Content/UI/Life/CharlemagneStd-Bold_Font.uasset" 93
"../../../../../../Unreal Projects/Study/Content/UI/Actions/Images/biceps.uasset" 94
"../../../../../../Unreal Projects/Study/Content/UI/Actions/Images/despair.uasset" 95
"../../../../../../Unreal Projects/Study/Content/UI/Actions/Images/pointy-hat.uasset" 96
"../../../../../../Unreal Projects/Study/Content/UI/Actions/Images/Speed.uasset" 97
"../../../../../../Unreal Projects/Study/Content/UI/Actions/Images/transfuse.uasset" 98
"../../../../../../Unreal Projects/Study/Content/UI/Actions/Images/upgrade.uasset" 99
"../../../../../../Unreal Projects/Study/Content/UI/Actions/SkillTree/Images/panel_bg.uasset" 100
"../../../../../../Unreal Projects/Study/Content/UI/Actions/Inventory/ItemInfo/ItemInfo.uasset" 101
"../../../../../../Unreal Projects/Study/Content/UI/Actions/Images/Archier_Btn.uasset" 102
"../../../../../../Unreal Projects/Study/Content/UI/Actions/ItemDrag.uasset" 103
"../../../../../../Unreal Projects/Study/Content/UI/Actions/Images/ArmorsetPanel.uasset" 104
"../../../../../../Unreal Projects/Study/Content/UI/Actions/Images/ArmorsetTitle.uasset" 105
"../../../../../../Unreal Projects/Study/Content/UI/Actions/Images/Border.uasset" 106
"../../../../../../Unreal Projects/Study/Content/UI/Actions/Images/chest.uasset" 107
"../../../../../../Unreal Projects/Study/Content/UI/Actions/Images/Gloves.uasset" 108
"../../../../../../Unreal Projects/Study/Content/UI/Actions/Images/Grimoire.uasset" 109
"../../../../../../Unreal Projects/Study/Content/UI/Actions/Images/Helmet.uasset" 110
"../../../../../../Unreal Projects/Study/Content/UI/Actions/Images/Inventory.uasset" 111
"../../../../../../Unreal Projects/Study/Content/UI/Actions/Images/Inventory_Title.uasset" 112
"../../../../../../Unreal Projects/Study/Content/UI/Actions/Images/Mage_Btn.uasset" 113
"../../../../../../Unreal Projects/Study/Content/UI/Actions/Images/Panel.uasset" 114
"../../../../../../Unreal Projects/Study/Content/UI/Actions/Images/Ring.uasset" 115
"../../../../../../Unreal Projects/Study/Content/UI/Actions/Images/shoes.uasset" 116
"../../../../../../Unreal Projects/Study/Content/UI/Actions/Images/SkillTree.uasset" 117
"../../../../../../Unreal Projects/Study/Content/UI/Actions/Images/Slot.uasset" 118
"../../../../../../Unreal Projects/Study/Content/UI/Actions/Images/Slot_Chest.uasset" 119
"../../../../../../Unreal Projects/Study/Content/UI/Actions/Images/Slot_Gloves.uasset" 120
"../../../../../../Unreal Projects/Study/Content/UI/Actions/Images/Slot_Grimoire.uasset" 121
"../../../../../../Unreal Projects/Study/Content/UI/Actions/Images/Slot_Helmet.uasset" 122
"../../../../../../Unreal Projects/Study/Content/UI/Actions/Images/Slot_Ring.uasset" 123
"../../../../../../Unreal Projects/Study/Content/UI/Actions/Images/Slot_Shoes.uasset" 124
"../../../../../../Unreal Projects/Study/Content/UI/Actions/Images/Slot_Trowsers.uasset" 125
"../../../../../../Unreal Projects/Study/Content/UI/Actions/Images/Slot_Weapon.uasset" 126
"../../../../../../Unreal Projects/Study/Content/UI/Actions/Images/Slot_Weapon2.uasset" 127
"../../../../../../Unreal Projects/Study/Content/UI/Actions/Images/StatsPanel.uasset" 128
"../../../../../../Unreal Projects/Study/Content/UI/Actions/Images/StatsPanelTitle.uasset" 129
"../../../../../../Unreal Projects/Study/Content/UI/Actions/Images/trowsers.uasset" 130
"../../../../../../Unreal Projects/Study/Content/UI/Actions/Images/Warrior_Btn.uasset" 131
"../../../../../../Unreal Projects/Study/Content/UI/Actions/Images/Weapon1.uasset" 132
"../../../../../../Unreal Projects/Study/Content/UI/Actions/Images/Weapon2.uasset" 133
"../../../../../../Unreal Projects/Study/Content/UI/Actions/SkillTree/Images/Bg.uasset" 134
"../../../../../../Unreal Projects/Study/Content/UI/Actions/SkillTree/Images/panel_archier.uasset" 135
"../../../../../../Unreal Projects/Study/Content/UI/Actions/SkillTree/Images/panel_mage.uasset" 136
"../../../../../../Unreal Projects/Study/Content/UI/Actions/SkillTree/Images/panel_warrior.uasset" 137
"../../../../../../Unreal Projects/Study/Content/UI/Actions/SkillTree/Images/Slot.uasset" 138
"../../../../../../Unreal Projects/Study/Content/Mannequin/Animations/Hammer/Standing_Taunt_Battlecry.uasset" 139
"../../../../../../Unreal Projects/Study/Content/Mannequin/Animations/Hammer/Buff_1.uasset" 140
"../../../../../../Unreal Projects/Study/Content/Mannequin/Animations/SwordAndShield/sword_and_shield_block.uasset" 141
"../../../../../../Unreal Projects/Study/Content/Mannequin/Animations/SwordAndShield/Block_Buff.uasset" 142
"../../../../../../Unreal Projects/Study/Content/Mannequin/Animations/SwordAndShield/Frisbee_Throw.uasset" 143
"../../../../../../Unreal Projects/Study/Content/Mannequin/Animations/SwordAndShield/Dagger_Throw.uasset" 144
"../../../../../../Unreal Projects/Study/Content/Mannequin/Animations/SwordAndShield/Sword_And_Shield_Casting.uasset" 145
"../../../../../../Unreal Projects/Study/Content/Mannequin/Animations/SwordAndShield/Giant_Skill.uasset" 146
"../../../../../../Unreal Projects/Study/Content/Mannequin/Animations/SwordAndShield/Sword_And_Shield_Power_Up.uasset" 147
"../../../../../../Unreal Projects/Study/Content/Mannequin/Animations/SwordAndShield/Poison_Buff.uasset" 148
"../../../../../../Unreal Projects/Study/Content/Mannequin/Animations/SwordAndShield/Throw.uasset" 149
"../../../../../../Unreal Projects/Study/Content/Mannequin/Animations/SwordAndShield/Thrown_Object.uasset" 150
"../../../../../../Unreal Projects/Study/Content/UI/Actions/SkillTree/Images/Skills/Warrior/diving-dagger.uasset" 151
"../../../../../../Unreal Projects/Study/Content/UI/Actions/SkillTree/Images/Skills/Warrior/dripping-sword.uasset" 152
"../../../../../../Unreal Projects/Study/Content/UI/Actions/SkillTree/Images/Skills/Warrior/giant.uasset" 153
"../../../../../../Unreal Projects/Study/Content/UI/Actions/SkillTree/Images/Skills/Warrior/lightning-saber.uasset" 154
"../../../../../../Unreal Projects/Study/Content/UI/Actions/SkillTree/Images/Skills/Warrior/mighty-force.uasset" 155
"../../../../../../Unreal Projects/Study/Content/UI/Actions/SkillTree/Images/Skills/Warrior/shield-bash.uasset" 156
"../../../../../../Unreal Projects/Study/Content/UI/Actions/SkillTree/Images/Skills/Warrior/surrounded-shield.uasset" 157
"../../../../../../Unreal Projects/Study/Content/UI/Actions/SkillTree/Images/Skills/Warrior/throwing-ball.uasset" 158
"../../../../../../Unreal Projects/Study/Content/DataTables/Skills.uasset" 159
"../../../../../../Unreal Projects/Study/Content/UI/Actions/Inventory/Slot_Draggable.uasset" 160
"../../../../../../Unreal Projects/Study/Content/UI/Actions/SkillTree/Slot.uasset" 161
"../../../../../../Unreal Projects/Study/Content/UI/Actions/SkillTree/SkillTree.uasset" 162
"../../../../../../Unreal Projects/Study/Content/UI/Actions/Actions.uasset" 163
"../../../../../../Unreal Projects/Study/Content/UI/Life/Images/GoldBar_empty.uasset" 164
"../../../../../../Unreal Projects/Study/Content/UI/Life/Images/LifeBar_empty.uasset" 165
"../../../../../../Unreal Projects/Study/Content/UI/Life/Images/LifeBar_Full.uasset" 166
"../../../../../../Unreal Projects/Study/Content/UI/Life/Images/MagicBar_empty.uasset" 167
"../../../../../../Unreal Projects/Study/Content/UI/Life/Images/MagicBar_Full.uasset" 168
"../../../../../../Unreal Projects/Study/Content/UI/Life/Images/Panel.uasset" 169
"../../../../../../Unreal Projects/Study/Content/UI/Life/Images/ProfilePic.uasset" 170
"../../../../../../Unreal Projects/Study/Content/UI/Life/Images/StaminaBar_empty.uasset" 171
"../../../../../../Unreal Projects/Study/Content/UI/Life/Images/StaminaBar_Full.uasset" 172
"../../../../../../Unreal Projects/Study/Content/UI/Life/Life.uasset" 173
"../../../../../../Unreal Projects/Study/Content/UI/Gameplay.uasset" 174
"../../../../../../Unreal Projects/Study/Content/UI/Actions/Inventory/Slot.uasset" 175
"../../../../../../Unreal Projects/Study/Content/UI/Actions/Inventory/ItemInfo/ItemPreview.uasset" 176
"../../../../../../Unreal Projects/Study/Content/UI/Actions/Inventory/ItemInfo/RecordingActor.uasset" 177
"../../../../../../Unreal Projects/Study/Content/UI/Actions/Inventory/ItemInfo/M_ItemPreview.uasset" 178
"../../../../../../Unreal Projects/Study/Content/UI/Actions/Inventory/ItemInfo/3DPreview.uasset" 179
"../../../../../../Unreal Projects/Study/Content/UI/Actions/Inventory/ItemInfo/ItemDescription.uasset" 180
"../../../../../../Unreal Projects/Study/Content/UI/Actions/Inventory/ItemInfo/PickupInfo.uasset" 181
"../../../../../../Unreal Projects/Study/Content/Blueprints/AI/Enemies/Ghosts/KingGhost/Skeleton/ChefeGhost_Skeleton.uasset" 182
"../../../../../../Unreal Projects/Study/Content/Blueprints/AI/Enemies/Ghosts/KingGhost/Animation/Treading_Water1.uasset" 183
"../../../../../../Unreal Projects/Study/Content/Blueprints/AI/Enemies/Ghosts/KingGhost/Animation/Treading_Water.uasset" 184
"../../../../../../Unreal Projects/Study/Content/Blueprints/AI/Enemies/Ghosts/KingGhost/Animation/Zombie_Idle.uasset" 185
"../../../../../../Unreal Projects/Study/Content/Blueprints/AI/Enemies/Ghosts/KingGhost/Animation/Idle.uasset" 186
"../../../../../../Unreal Projects/Study/Content/InfinityBladeFireLands/Environments/Fire/Env_Fire_Magma/Textures/T_Fire_Lava.uasset" 187
"../../../../../../Unreal Projects/Study/Content/InfinityBladeFireLands/Environments/Fire/Env_Fire_Magma/Materials/M_Env_Fire_Magma.uasset" 188
"../../../Engine/Content/EngineResources/Black.uasset" 189
"../../../../../../Unreal Projects/Study/Content/InfinityBladeEffects/Effects/Masters/M_Add_Sprite_SubUV_Master.uasset" 190
"../../../../../../Unreal Projects/Study/Content/InfinityBladeEffects/Effects/FX_Textures/Fire/T_Fire_subUV_6X6.uasset" 191
"../../../../../../Unreal Projects/Study/Content/InfinityBladeEffects/Effects/FX_Materials/Fire/M_Fire_01_Add_6X6_INST.uasset" 192
"../../../../../../Unreal Projects/Study/Content/InfinityBladeEffects/Effects/Masters/M_Add_Sprite_Master_DepthFade.uasset" 193
"../../../../../../Unreal Projects/Study/Content/InfinityBladeEffects/Effects/FX_Textures/Gradient/T_SoftFallOff.uasset" 194
"../../../../../../Unreal Projects/Study/Content/InfinityBladeEffects/Effects/FX_Materials/Gradient/M_Flare_03_INST.uasset" 195
"../../../../../../Unreal Projects/Study/Content/InfinityBladeEffects/Effects/Masters/M_Trans_Sprite_SubUV_Master_DepthFade.uasset" 196
"../../../../../../Unreal Projects/Study/Content/InfinityBladeEffects/Effects/FX_Textures/Smoke/T_Smoke_subUV_01.uasset" 197
"../../../../../../Unreal Projects/Study/Content/InfinityBladeEffects/Effects/FX_Materials/Smoke/M_Smoke_02_Trans_6X6_INST.uasset" 198
"../../../../../../Unreal Projects/Study/Content/InfinityBladeEffects/Effects/FX_Textures/Spark/T_Sparks_04_SubUV_1_4.uasset" 199
"../../../../../../Unreal Projects/Study/Content/InfinityBladeEffects/Effects/FX_Materials/Spark/M_Spark_04_SubUV_1_4_INST.uasset" 200
"../../../../../../Unreal Projects/Study/Content/InfinityBladeEffects/Effects/FX_Monsters/FX_Monster_SpiderBoss/Fire/P_TailFire.uasset" 201
"../../../../../../Unreal Projects/Study/Content/InfinityBladeIceLands/Environments/Ice/Env_Ice_T1_Rockchunks/Textures/T_Env_Ice_Cliffs_CliffWallBright_D.uasset" 202
"../../../../../../Unreal Projects/Study/Content/InfinityBladeIceLands/Environments/Ice/Env_Ice_T1_Rockchunks/Textures/T_Env_Ice_Cliffs_TilingCliffWall_N.uasset" 203
"../../../../../../Unreal Projects/Study/Content/InfinityBladeIceLands/Environments/Ice/Env_Ice_T1_Rockchunks/Materials/M_Ice_RockChunks_TilingRock.uasset" 204
"../../../../../../Unreal Projects/Study/Content/InfinityBladeIceLands/Environments/Ice/Env_Ice_T1_Rockchunks/StaticMesh/SM_Env_Ice_T1_Rockchunks_Small.uasset" 205
"../../../../../../Unreal Projects/Study/Content/Blueprints/AI/Enemies/Ghosts/Ghost1/FireBall.uasset" 206
"../../../../../../Unreal Projects/Study/Content/Blueprints/AI/Enemies/Ghosts/Ghost1/Skeleton/Ghost1_test_Skeleton.uasset" 207
"../../../../../../Unreal Projects/Study/Content/Blueprints/AI/Enemies/Ghosts/Ghost1/Animation/Treading_Water2.uasset" 208
"../../../../../../Unreal Projects/Study/Content/Blueprints/AI/Enemies/Ghosts/Ghost1/Animation/Treading_Water1.uasset" 209
"../../../../../../Unreal Projects/Study/Content/Blueprints/AI/Enemies/Ghosts/Ghost1/Animation/Zombie_Idle.uasset" 210
"../../../../../../Unreal Projects/Study/Content/Blueprints/AI/Enemies/Ghosts/Ghost1/Animation/Idle.uasset" 211
"../../../../../../Unreal Projects/Study/Content/Blueprints/AI/Enemies/Ghosts/Ghost1/Ghost_AnimBP.uasset" 212
"../../../../../../Unreal Projects/Study/Content/Blueprints/AI/Enemies/Ghosts/Ghost1/Animation/Standing_1H_Magic_Attack_01__L.uasset" 213
"../../../../../../Unreal Projects/Study/Content/Blueprints/AI/Enemies/Ghosts/Ghost1/Animation/Attack1_Ghost.uasset" 214
"../../../../../../Unreal Projects/Study/Content/Blueprints/AI/Enemies/Ghosts/Ghost1/Animation/Standing_1H_Magic_Attack_01__R.uasset" 215
"../../../../../../Unreal Projects/Study/Content/Blueprints/AI/Enemies/Ghosts/Ghost1/Animation/Attack2_Ghost.uasset" 216
"../../../../../../Unreal Projects/Study/Content/Blueprints/AI/Enemies/Ghosts/Ghost1/Animation/Zombie_Attack.uasset" 217
"../../../../../../Unreal Projects/Study/Content/Blueprints/AI/Enemies/Ghosts/Ghost1/Animation/Attack3_Ghost.uasset" 218
"../../../../../../Unreal Projects/Study/Content/Blueprints/AI/Enemies/Ghosts/Ghost1/Animation/Standing_Death_Backward_01.uasset" 219
"../../../../../../Unreal Projects/Study/Content/Blueprints/AI/Enemies/Ghosts/Ghost1/Animation/Death_Ghost.uasset" 220
"../../../../../../Unreal Projects/Study/Content/Blueprints/AI/Enemies/Ghosts/Ghost1/AI/Ghost_BB.uasset" 221
"../../../../../../Unreal Projects/Study/Content/Blueprints/AI/Enemies/Ghosts/Ghost1/AI/Tasks/Fireball.uasset" 222
"../../../../../../Unreal Projects/Study/Content/Blueprints/AI/Enemies/Ghosts/Ghost1/AI/Tasks/GhostBackOff.uasset" 223
"../../../../../../Unreal Projects/Study/Content/Blueprints/AI/Enemies/Ghosts/Ghost1/AI/Tasks/MoveGhost.uasset" 224
"../../../../../../Unreal Projects/Study/Content/Blueprints/AI/Enemies/Ghosts/Ghost1/AI/Tasks/RecoverBlood.uasset" 225
"../../../../../../Unreal Projects/Study/Content/Blueprints/AI/Enemies/Ghosts/Ghost1/AI/Tasks/Rotate.uasset" 226
"../../../../../../Unreal Projects/Study/Content/Blueprints/AI/Enemies/Zombies/Zombie1/AI/Services/CheckDistance.uasset" 227
"../../../../../../Unreal Projects/Study/Content/Blueprints/AI/Enemies/Ghosts/Ghost1/AI/Ghost_BT.uasset" 228
"../../../../../../Unreal Projects/Study/Content/Blueprints/AI/Enemies/Ghosts/Ghost1/AI/Ghost_PC.uasset" 229
"../../../../../../Unreal Projects/Study/Content/Blueprints/AI/Enemies/Cloths.uasset" 230
"../../../../../../Unreal Projects/Study/Content/Blueprints/AI/Enemies/Ghosts/Ghost1/Ghost1_Cloths.uasset" 231
"../../../../../../Unreal Projects/Study/Content/Blueprints/AI/Enemies/Zombies/Zombie1/Textures/Zumbi_01_Packed0_Diffuse.uasset" 232
"../../../../../../Unreal Projects/Study/Content/Blueprints/AI/Enemies/Zombies/Zombie1/Textures/Zumbi_01_Packed0_Gloss.uasset" 233
"../../../../../../Unreal Projects/Study/Content/Blueprints/AI/Enemies/Zombies/Zombie1/Textures/Zumbi_01_Packed0_Normal.uasset" 234
"../../../../../../Unreal Projects/Study/Content/Blueprints/AI/Enemies/Zombies/Zombie1/Textures/Zumbi_01_Packed0_Opacity.uasset" 235
"../../../../../../Unreal Projects/Study/Content/Blueprints/AI/Enemies/Zombies/Zombie1/Textures/Zumbi_01_Packed0_Specular.uasset" 236
"../../../../../../Unreal Projects/Study/Content/Blueprints/AI/Enemies/Skin.uasset" 237
"../../../../../../Unreal Projects/Study/Content/Blueprints/AI/Enemies/Ghosts/Ghost1/Textures/Ghost1_Packed0_Diffuse.uasset" 238
"../../../../../../Unreal Projects/Study/Content/Blueprints/AI/Enemies/Ghosts/Ghost1/Textures/Ghost1_Packed0_Gloss.uasset" 239
"../../../../../../Unreal Projects/Study/Content/Blueprints/AI/Enemies/Ghosts/Ghost1/Textures/Ghost1_Packed0_Normal.uasset" 240
"../../../../../../Unreal Projects/Study/Content/Blueprints/AI/Enemies/Ghosts/Ghost1/Textures/Ghost1_Packed0_Opacity.uasset" 241
"../../../../../../Unreal Projects/Study/Content/Blueprints/AI/Enemies/Ghosts/Ghost1/Textures/Ghost1_Packed0_Specular.uasset" 242
"../../../../../../Unreal Projects/Study/Content/Blueprints/AI/Enemies/Ghosts/Ghost1/Ghost1_Skin.uasset" 243
"../../../../../../Unreal Projects/Study/Content/Blueprints/AI/Enemies/Ghosts/Ghost1/Skeleton/Ghost1_test_PhysicsAsset.uasset" 244
"../../../../../../Unreal Projects/Study/Content/Blueprints/AI/Enemies/Ghosts/Ghost1/Skeleton/Ghost1_test.uasset" 245
"../../../../../../Unreal Projects/Study/Content/InfinityBladeEffects/Effects/FX_Textures/Tile/T_Black_32.uasset" 246
"../../../../../../Unreal Projects/Study/Content/InfinityBladeEffects/Effects/Masters/M_Trans_Sprite_Master.uasset" 247
"../../../../../../Unreal Projects/Study/Content/InfinityBladeEffects/Effects/FX_Textures/Glyph/T_HealHeart_02.uasset" 248
"../../../../../../Unreal Projects/Study/Content/InfinityBladeEffects/Effects/FX_Materials/Glyph/M_Heart_01_INST.uasset" 249
"../../../../../../Unreal Projects/Study/Content/InfinityBladeEffects/Effects/FX_Textures/Gradient/T_starFlare_02.uasset" 250
"../../../../../../Unreal Projects/Study/Content/InfinityBladeEffects/Effects/FX_Materials/Gradient/M_Flare_02_INST.uasset" 251
"../../../../../../Unreal Projects/Study/Content/InfinityBladeEffects/Effects/Masters/M_Add_Sprite_Master.uasset" 252
"../../../../../../Unreal Projects/Study/Content/InfinityBladeEffects/Effects/FX_Textures/Gradient/T_Flare_Streaks_02.uasset" 253
"../../../../../../Unreal Projects/Study/Content/InfinityBladeEffects/Effects/FX_Materials/Gradient/M_Flare_Streak_01_INST.uasset" 254
"../../../../../../Unreal Projects/Study/Content/InfinityBladeEffects/Effects/FX_Meshes/Skills/SM_BlastWave.uasset" 255
"../../../../../../Unreal Projects/Study/Content/InfinityBladeEffects/Effects/FX_Ability/Heal/P_Heal_Aura.uasset" 256
"../../../../../../Unreal Projects/Study/Content/Blueprints/AI/Enemies/Ghosts/Ghost1/Ghost_BP.uasset" 257
"../../../../../../Unreal Projects/Study/Content/Blueprints/AI/Enemies/Ghosts/Ghost2/Skeleton/Ghost2_Skeleton.uasset" 258
"../../../../../../Unreal Projects/Study/Content/Blueprints/AI/Enemies/Ghosts/Ghost2/Animation/Treading_Water.uasset" 259
"../../../../../../Unreal Projects/Study/Content/Blueprints/AI/Enemies/Ghosts/Ghost2/Animation/Treading_Water1.uasset" 260
"../../../../../../Unreal Projects/Study/Content/Blueprints/AI/Enemies/Ghosts/Ghost2/Animation/Zombie_Idle.uasset" 261
"../../../../../../Unreal Projects/Study/Content/Blueprints/AI/Enemies/Ghosts/Ghost2/Animation/Idle.uasset" 262
"../../../../../../Unreal Projects/Study/Content/Blueprints/AI/Enemies/Ghosts/Ghost2/Ghost2_AnimBP.uasset" 263
"../../../../../../Unreal Projects/Study/Content/Blueprints/AI/Enemies/Ghosts/Ghost2/AI/Ghost2_BB.uasset" 264
"../../../../../../Unreal Projects/Study/Content/Blueprints/AI/Enemies/Ghosts/Ghost2/AI/Ghost2_BT.uasset" 265
"../../../../../../Unreal Projects/Study/Content/Blueprints/AI/Enemies/Ghosts/Ghost2/AI/Ghost2_PC.uasset" 266
"../../../../../../Unreal Projects/Study/Content/Blueprints/AI/Enemies/Ghosts/Ghost2/SpawnGhost2.uasset" 267
"../../../../../../Unreal Projects/Study/Content/Blueprints/AI/Enemies/Ghosts/Ghost_Cloth.uasset" 268
"../../../../../../Unreal Projects/Study/Content/Blueprints/AI/Enemies/Ghosts/Ghost2/Ghost2_Cloth.uasset" 269
"../../../../../../Unreal Projects/Study/Content/Blueprints/AI/Enemies/Ghosts/Ghost_Skin.uasset" 270
"../../../../../../Unreal Projects/Study/Content/Blueprints/AI/Enemies/Ghosts/Ghost2/Ghost2_Skin.uasset" 271
"../../../../../../Unreal Projects/Study/Content/Blueprints/AI/Enemies/Ghosts/Ghost2/Skeleton/Ghost2_PhysicsAsset.uasset" 272
"../../../../../../Unreal Projects/Study/Content/Blueprints/AI/Enemies/Ghosts/Ghost2/Skeleton/Ghost2.uasset" 273
"../../../../../../Unreal Projects/Study/Content/InfinityBladeEffects/Effects/Masters/M_Add_Trail_2Sided_Pan_Master.uasset" 274
"../../../../../../Unreal Projects/Study/Content/InfinityBladeEffects/Effects/FX_Textures/Fire/T_FireBlastTile.uasset" 275
"../../../../../../Unreal Projects/Study/Content/InfinityBladeEffects/Effects/FX_Materials/Fire/M_Fire_Sheet_01_INST.uasset" 276
"../../../../../../Unreal Projects/Study/Content/InfinityBladeEffects/Effects/FX_Textures/Gradient/FX_Glow_12alpha.uasset" 277
"../../../../../../Unreal Projects/Study/Content/InfinityBladeEffects/Effects/FX_Materials/Gradient/M_Flare_09_Inst.uasset" 278
"../../../../../../Unreal Projects/Study/Content/InfinityBladeEffects/Effects/FX_Textures/Gradient/T_GlowNoise_01.uasset" 279
"../../../../../../Unreal Projects/Study/Content/InfinityBladeEffects/Effects/FX_Materials/M_Shockwave_03_Add_INST.uasset" 280
"../../../../../../Unreal Projects/Study/Content/InfinityBladeEffects/Effects/Masters/M_Add_Sprite_2Sided_Master.uasset" 281
"../../../../../../Unreal Projects/Study/Content/InfinityBladeEffects/Effects/FX_Textures/Gradient/T_SwipeTrail.uasset" 282
"../../../../../../Unreal Projects/Study/Content/InfinityBladeEffects/Effects/FX_Materials/Trails/M_Swipe_Mesh_Add_2Sided_01_INST.uasset" 283
"../../../../../../Unreal Projects/Study/Content/InfinityBladeEffects/Effects/FX_Meshes/Skills/SM_FireBlastMesh_Twist_01.uasset" 284
"../../../../../../Unreal Projects/Study/Content/InfinityBladeEffects/Effects/FX_Meshes/Skills/SM_SwipeTrail_Spiral_01.uasset" 285
"../../../../../../Unreal Projects/Study/Content/InfinityBladeEffects/Effects/FX_Skill_Aura/P_AuraCircle_Temp.uasset" 286
"../../../../../../Unreal Projects/Study/Content/Blueprints/AI/Enemies/Ghosts/Ghost2/Ghost2_BP.uasset" 287
"../../../../../../Unreal Projects/Study/Content/InfinityBladeEffects/Effects/FX_Textures/Gradient/T_GlowNoise_Circular_02.uasset" 288
"../../../../../../Unreal Projects/Study/Content/InfinityBladeEffects/Effects/FX_Materials/Gradient/M_Flare_Noise_01_Inst.uasset" 289
"../../../../../../Unreal Projects/Study/Content/InfinityBladeEffects/Effects/FX_Textures/Gradient/T_Vertical_Glow.uasset" 290
"../../../../../../Unreal Projects/Study/Content/InfinityBladeEffects/Effects/FX_Materials/Gradient/M_Glow_Vertical_INST.uasset" 291
"../../../../../../Unreal Projects/Study/Content/InfinityBladeEffects/Effects/FX_Mobile/combat/P_LevelExit_Fire.uasset" 292
"../../../../../../Unreal Projects/Study/Content/InfinityBladeEffects/Effects/FX_Textures_IB/Glyph/T_AnimGrid_6_6.uasset" 293
"../../../../../../Unreal Projects/Study/Content/InfinityBladeEffects/Effects/FX_Materials/Glyph/M_IB_AnimGrid_Trans_MeshEmit.uasset" 294
"../../../../../../Unreal Projects/Study/Content/InfinityBladeEffects/Effects/FX_Textures/Glyph/T_IB_FlareElements_1_2.uasset" 295
"../../../../../../Unreal Projects/Study/Content/InfinityBladeEffects/Effects/FX_Materials/Glyph/M_IB_Flares.uasset" 296
"../../../../../../Unreal Projects/Study/Content/InfinityBladeEffects/Effects/FX_Textures/Noise/T_Tile_Noise_Tendril_01.uasset" 297
"../../../../../../Unreal Projects/Study/Content/InfinityBladeEffects/Effects/FX_Materials/Mobile/M_Tile_Noise_Tendril_01.uasset" 298
"../../../Engine/Content/EngineMaterials/FlatNormal.uasset" 299
"../../../../../../Unreal Projects/Study/Content/InfinityBladeEffects/Effects/Masters/M_Trans_Sprite_Master_Surface.uasset" 300
"../../../../../../Unreal Projects/Study/Content/InfinityBladeEffects/Effects/FX_Textures/Damage/T_cracks_01_N.uasset" 301
"../../../../../../Unreal Projects/Study/Content/InfinityBladeEffects/Effects/FX_Textures/Damage/T_cracks_03.uasset" 302
"../../../../../../Unreal Projects/Study/Content/InfinityBladeEffects/Effects/FX_Materials/Damage/M_CrackedGround_01_INST.uasset" 303
"../../../../../../Unreal Projects/Study/Content/InfinityBladeEffects/Effects/FX_Textures/Fire/T_Fire_Sprite_01_5x5.uasset" 304
"../../../../../../Unreal Projects/Study/Content/InfinityBladeEffects/Effects/FX_Materials/Fire/M_Fire_02_Add_5X5_INST.uasset" 305
"../../../../../../Unreal Projects/Study/Content/InfinityBladeEffects/Effects/FX_Textures/Gradient/T_starFlare_01.uasset" 306
"../../../../../../Unreal Projects/Study/Content/InfinityBladeEffects/Effects/FX_Materials/Gradient/M_Flare_01_INST.uasset" 307
"../../../../../../Unreal Projects/Study/Content/InfinityBladeEffects/Effects/FX_Textures/Lightning/T_Lightning_Radial_4X4.uasset" 308
"../../../../../../Unreal Projects/Study/Content/InfinityBladeEffects/Effects/FX_Materials/Lightning/M_Lightning_Radial_01_Add_2X2_INST.uasset" 309
"../../../../../../Unreal Projects/Study/Content/InfinityBladeEffects/Effects/Masters/M_Add_Sprite_Pan_Emis_Mask_Master.uasset" 310
"../../../../../../Unreal Projects/Study/Content/InfinityBladeEffects/Effects/FX_Textures/Noise/T_Noise_beam_01.uasset" 311
"../../../../../../Unreal Projects/Study/Content/InfinityBladeEffects/Effects/FX_Materials/Noise/M_Noise_Beam_01_INST.uasset" 312
"../../../../../../Unreal Projects/Study/Content/InfinityBladeEffects/Effects/FX_Textures/Gradient/T_Targeting_01.uasset" 313
"../../../../../../Unreal Projects/Study/Content/InfinityBladeEffects/Effects/FX_Materials/Misc/M_Targeting_Enemy.uasset" 314
"../../../../../../Unreal Projects/Study/Content/InfinityBladeEffects/Effects/FX_Materials/Noise/M_Shockwave_01_INST.uasset" 315
"../../../../../../Unreal Projects/Study/Content/InfinityBladeEffects/Effects/FX_Meshes/IB/SM_Grid_Base_Anim.uasset" 316
"../../../../../../Unreal Projects/Study/Content/InfinityBladeEffects/Effects/FX_Meshes/Skills/SM_CombatArea_Base.uasset" 317
"../../../../../../Unreal Projects/Study/Content/InfinityBladeEffects/Effects/FX_Meshes/Skills/SM_Shockwave_01.uasset" 318
"../../../../../../Unreal Projects/Study/Content/InfinityBladeEffects/Effects/FX_Monsters/FX_Monster_Ausar/P_AU_Trap_Impact.uasset" 319
"../../../../../../Unreal Projects/Study/Content/InfinityBladeEffects/Effects/FX_Textures/Ice/T_FrozenGround.uasset" 320
"../../../../../../Unreal Projects/Study/Content/InfinityBladeEffects/Effects/FX_Textures/Ice/T_FrozenGround_N.uasset" 321
"../../../../../../Unreal Projects/Study/Content/InfinityBladeEffects/Effects/FX_Materials/ICE/M_IceBlastBase.uasset" 322
"../../../../../../Unreal Projects/Study/Content/InfinityBladeEffects/Effects/FX_Materials/Misc/M_DeathPlane_01.uasset" 323
"../../../../../../Unreal Projects/Study/Content/InfinityBladeEffects/Effects/FX_Textures/Smoke/T_SmokeBall_01_8_8.uasset" 324
"../../../../../../Unreal Projects/Study/Content/InfinityBladeEffects/Effects/FX_Materials/Smoke/M_Smoke_01_8X8_INST.uasset" 325
"../../../../../../Unreal Projects/Study/Content/InfinityBladeEffects/Effects/FX_Meshes/Skills/SM_DeathPlane_01.uasset" 326
"../../../../../../Unreal Projects/Study/Content/InfinityBladeEffects/Effects/FX_Monsters/FX_Monster_Deaths/P_Monster_Death_Large_Fire.uasset" 327
"../../../../../../Unreal Projects/Study/Content/Blueprints/AI/Enemies/Ghosts/KingGhost/KingGhost_AnimBP.uasset" 328
"../../../../../../Unreal Projects/Study/Content/Blueprints/AI/Enemies/Ghosts/KingGhost/Animation/Standing_1H_Magic_Attack_01__L.uasset" 329
"../../../../../../Unreal Projects/Study/Content/Blueprints/AI/Enemies/Ghosts/KingGhost/Animation/KG_Attack1.uasset" 330
"../../../../../../Unreal Projects/Study/Content/Blueprints/AI/Enemies/Ghosts/KingGhost/Animation/Standing_1H_Magic_Attack_01__R.uasset" 331
"../../../../../../Unreal Projects/Study/Content/Blueprints/AI/Enemies/Ghosts/KingGhost/Animation/KG_Attack2.uasset" 332
"../../../../../../Unreal Projects/Study/Content/Blueprints/AI/Enemies/Ghosts/KingGhost/Animation/Zombie_Attack.uasset" 333
"../../../../../../Unreal Projects/Study/Content/Blueprints/AI/Enemies/Ghosts/KingGhost/Animation/KG_Attack3.uasset" 334
"../../../../../../Unreal Projects/Study/Content/Blueprints/AI/Enemies/Ghosts/KingGhost/Animation/Standing_2H_Magic_Attack_05.uasset" 335
"../../../../../../Unreal Projects/Study/Content/Blueprints/AI/Enemies/Ghosts/KingGhost/Animation/KG_SpecialAttack.uasset" 336
"../../../../../../Unreal Projects/Study/Content/Blueprints/AI/Enemies/Ghosts/KingGhost/Animation/Standing_2H_Cast_Spell_01.uasset" 337
"../../../../../../Unreal Projects/Study/Content/Blueprints/AI/Enemies/Ghosts/KingGhost/Animation/KG_SpecialAttack2.uasset" 338
"../../../../../../Unreal Projects/Study/Content/Blueprints/AI/Enemies/Ghosts/KingGhost/AI/KingGhost_BB.uasset" 339
"../../../../../../Unreal Projects/Study/Content/Blueprints/AI/Enemies/Ghosts/KingGhost/AI/Tasks/KingGhostBackOff.uasset" 340
"../../../../../../Unreal Projects/Study/Content/Blueprints/AI/Enemies/Ghosts/KingGhost/AI/Tasks/MoveKingGhost.uasset" 341
"../../../../../../Unreal Projects/Study/Content/Blueprints/AI/Enemies/Ghosts/KingGhost/AI/KingGhost_BT.uasset" 342
"../../../../../../Unreal Projects/Study/Content/Blueprints/AI/Enemies/Ghosts/KingGhost/AI/KingGhost_PC.uasset" 343
"../../../../../../Unreal Projects/Study/Content/Blueprints/AI/Enemies/Ghosts/KingGhost/KG_Cloth.uasset" 344
"../../../../../../Unreal Projects/Study/Content/Blueprints/AI/Enemies/Ghosts/KingGhost/KG_Skin.uasset" 345
"../../../../../../Unreal Projects/Study/Content/Blueprints/AI/Enemies/Ghosts/KingGhost/Skeleton/ChefeGhost_PhysicsAsset.uasset" 346
"../../../../../../Unreal Projects/Study/Content/Blueprints/AI/Enemies/Ghosts/KingGhost/Skeleton/ChefeGhost.uasset" 347
"../../../../../../Unreal Projects/Study/Content/Blueprints/AI/Enemies/Ghosts/KingGhost/KingGhost_BP.uasset" 348
"../../../../../../Unreal Projects/Study/Content/Blueprints/AI/Enemies/Orcs/KingOrc/Skeleton/OrcRei_Skeleton.uasset" 349
"../../../../../../Unreal Projects/Study/Content/Blueprints/AI/Enemies/Orcs/KingOrc/Animation/Unarmed_Idle_Looking_Ver__1.uasset" 350
"../../../../../../Unreal Projects/Study/Content/Blueprints/AI/Enemies/Orcs/KingOrc/Animation/Unarmed_Walk_Forward.uasset" 351
"../../../../../../Unreal Projects/Study/Content/Blueprints/AI/Enemies/Orcs/KingOrc/Animation/Idle.uasset" 352
"../../../../../../Unreal Projects/Study/Content/Blueprints/AI/Enemies/Orcs/KingOrc/KingOrc_AnimBP.uasset" 353
"../../../../../../Unreal Projects/Study/Content/Blueprints/AI/Enemies/Orcs/KingOrc/Animation/Standing_Melee_Attack_Downward.uasset" 354
"../../../../../../Unreal Projects/Study/Content/Blueprints/AI/Enemies/Orcs/KingOrc/Animation/Attack_1.uasset" 355
"../../../../../../Unreal Projects/Study/Content/Blueprints/AI/Enemies/Orcs/KingOrc/Animation/Standing_Melee_Attack_Horizontal.uasset" 356
"../../../../../../Unreal Projects/Study/Content/Blueprints/AI/Enemies/Orcs/KingOrc/Animation/Attack_2.uasset" 357
"../../../../../../Unreal Projects/Study/Content/Blueprints/AI/Enemies/Orcs/KingOrc/Animation/Standing_Melee_Combo_Attack_Ver__2.uasset" 358
"../../../../../../Unreal Projects/Study/Content/Blueprints/AI/Enemies/Orcs/KingOrc/Animation/Attack_3.uasset" 359
"../../../../../../Unreal Projects/Study/Content/Blueprints/AI/Enemies/Orcs/KingOrc/Animation/Standing_Melee_Combo_Attack_Ver__3.uasset" 360
"../../../../../../Unreal Projects/Study/Content/Blueprints/AI/Enemies/Orcs/KingOrc/Animation/Attack_4.uasset" 361
"../../../../../../Unreal Projects/Study/Content/Blueprints/AI/Enemies/Orcs/KingOrc/Animation/Standing_Melee_Run_Jump_Attack.uasset" 362
"../../../../../../Unreal Projects/Study/Content/Blueprints/AI/Enemies/Orcs/KingOrc/Animation/Special1.uasset" 363
"../../../../../../Unreal Projects/Study/Content/Blueprints/AI/Enemies/Orcs/KingOrc/Animation/Standing_Melee_Attack_360_High.uasset" 364
"../../../../../../Unreal Projects/Study/Content/Blueprints/AI/Enemies/Orcs/KingOrc/Animation/Special2.uasset" 365
"../../../../../../Unreal Projects/Study/Content/Blueprints/AI/Enemies/Orcs/KingOrc/Animation/Standing_Melee_Attack_360_Low.uasset" 366
"../../../../../../Unreal Projects/Study/Content/Blueprints/AI/Enemies/Orcs/KingOrc/Animation/Special3.uasset" 367
"../../../../../../Unreal Projects/Study/Content/Blueprints/AI/Enemies/Orcs/KingOrc/AI/KingOrc_BB.uasset" 368
"../../../../../../Unreal Projects/Study/Content/Blueprints/AI/Enemies/Orcs/KingOrc/AI/Service/CheckOrcDistance.uasset" 369
"../../../../../../Unreal Projects/Study/Content/Blueprints/AI/Enemies/Orcs/KingOrc/AI/Task/KingOrcAttack.uasset" 370
"../../../../../../Unreal Projects/Study/Content/Blueprints/AI/Enemies/Orcs/Orc01/AI/Tasks/OrcReset.uasset" 371
"../../../../../../Unreal Projects/Study/Content/Blueprints/AI/Enemies/Orcs/KingOrc/AI/KingOrc_BT.uasset" 372
"../../../../../../Unreal Projects/Study/Content/Blueprints/AI/Enemies/Orcs/KingOrc/AI/KingOrc_PC.uasset" 373
"../../../../../../Unreal Projects/Study/Content/Blueprints/AI/Enemies/Orcs/KingOrc/KingOrc_Cloths.uasset" 374
"../../../../../../Unreal Projects/Study/Content/Blueprints/AI/Enemies/Orcs/KingOrc/Texture/OrcRei_Packed0_Diffuse.uasset" 375
"../../../../../../Unreal Projects/Study/Content/Blueprints/AI/Enemies/Orcs/KingOrc/Texture/OrcRei_Packed0_Gloss.uasset" 376
"../../../../../../Unreal Projects/Study/Content/Blueprints/AI/Enemies/Orcs/KingOrc/Texture/OrcRei_Packed0_Normal.uasset" 377
"../../../../../../Unreal Projects/Study/Content/Blueprints/AI/Enemies/Orcs/KingOrc/Texture/OrcRei_Packed0_Opacity.uasset" 378
"../../../../../../Unreal Projects/Study/Content/Blueprints/AI/Enemies/Orcs/KingOrc/Texture/OrcRei_Packed0_Specular.uasset" 379
"../../../../../../Unreal Projects/Study/Content/Blueprints/AI/Enemies/Orcs/KingOrc/KingOrc_Skin.uasset" 380
"../../../../../../Unreal Projects/Study/Content/Blueprints/AI/Enemies/Orcs/KingOrc/Skeleton/OrcRei_PhysicsAsset.uasset" 381
"../../../../../../Unreal Projects/Study/Content/Blueprints/AI/Enemies/Orcs/KingOrc/Skeleton/OrcRei.uasset" 382
"../../../../../../Unreal Projects/Study/Content/Blueprints/AI/Enemies/Orcs/KingOrc/KingOrc_BP.uasset" 383
"../../../../../../Unreal Projects/Study/Content/Blueprints/AI/Enemies/Skeletons/KingSkeleton/Skeleton/EsqueletoChefe_Skeleton.uasset" 384
"../../../../../../Unreal Projects/Study/Content/Blueprints/AI/Enemies/Skeletons/KingSkeleton/Animation/Sword_And_Shield_Idle__2_.uasset" 385
"../../../../../../Unreal Projects/Study/Content/Blueprints/AI/Enemies/Skeletons/KingSkeleton/Animation/Sword_And_Shield_Walk.uasset" 386
"../../../../../../Unreal Projects/Study/Content/Blueprints/AI/Enemies/Skeletons/KingSkeleton/Animation/Idle.uasset" 387
"../../../../../../Unreal Projects/Study/Content/Blueprints/AI/Enemies/Skeletons/Skeleton1/Skeleton/SK1_Skeleton.uasset" 388
"../../../../../../Unreal Projects/Study/Content/Blueprints/AI/Enemies/Skeletons/Skeleton1/Animation/Sword_And_Shield_Idle__4_.uasset" 389
"../../../../../../Unreal Projects/Study/Content/Blueprints/AI/Enemies/Skeletons/Skeleton1/Animation/Sword_And_Shield_Run.uasset" 390
"../../../../../../Unreal Projects/Study/Content/Blueprints/AI/Enemies/Skeletons/Skeleton1/Animation/Sword_And_Shield_Walk__2_.uasset" 391
"../../../../../../Unreal Projects/Study/Content/Blueprints/AI/Enemies/Skeletons/Skeleton1/Animation/Idle.uasset" 392
"../../../../../../Unreal Projects/Study/Content/Blueprints/AI/Enemies/Skeletons/Skeleton1/Skeleton_AnimBP.uasset" 393
"../../../../../../Unreal Projects/Study/Content/Blueprints/AI/Enemies/Skeletons/Skeleton2/Skeleton/SK2_Skeleton.uasset" 394
"../../../../../../Unreal Projects/Study/Content/Blueprints/AI/Enemies/Skeletons/Skeleton2/Animation/Sword_And_Shield_Idle__4_.uasset" 395
"../../../../../../Unreal Projects/Study/Content/Blueprints/AI/Enemies/Skeletons/Skeleton2/Animation/Sword_And_Shield_Run.uasset" 396
"../../../../../../Unreal Projects/Study/Content/Blueprints/AI/Enemies/Skeletons/Skeleton2/Animation/Sword_And_Shield_Walk.uasset" 397
"../../../../../../Unreal Projects/Study/Content/Blueprints/AI/Enemies/Skeletons/Skeleton2/Animation/Idle.uasset" 398
"../../../../../../Unreal Projects/Study/Content/Blueprints/AI/Enemies/Skeletons/Skeleton2/Animation/Sword_And_Shield_Casting.uasset" 399
"../../../../../../Unreal Projects/Study/Content/Blueprints/AI/Enemies/Skeletons/Skeleton2/Animation/SK2_Attack1.uasset" 400
"../../../../../../Unreal Projects/Study/Content/Blueprints/AI/Enemies/Skeletons/Skeleton2/Animation/Sword_And_Shield_Casting__2_.uasset" 401
"../../../../../../Unreal Projects/Study/Content/Blueprints/AI/Enemies/Skeletons/Skeleton2/Animation/SK2_Attack2.uasset" 402
"../../../../../../Unreal Projects/Study/Content/Blueprints/AI/Enemies/Skeletons/Skeleton2/AI/Skeleton2_BB.uasset" 403
"../../../../../../Unreal Projects/Study/Content/Blueprints/AI/Enemies/Zombies/Zombie1/Skeleton/Zumbi01_Skeleton.uasset" 404
"../../../../../../Unreal Projects/Study/Content/Blueprints/AI/Enemies/Zombies/Zombie1/Animation/running_crawl.uasset" 405
"../../../../../../Unreal Projects/Study/Content/Blueprints/AI/Enemies/Zombies/Zombie1/Animation/running_crawl2.uasset" 406
"../../../../../../Unreal Projects/Study/Content/Blueprints/AI/Enemies/Zombies/Zombie1/Animation/zombie_idle.uasset" 407
"../../../../../../Unreal Projects/Study/Content/Blueprints/AI/Enemies/Zombies/Zombie1/Animation/zombie_run.uasset" 408
"../../../../../../Unreal Projects/Study/Content/Blueprints/AI/Enemies/Zombies/Zombie1/Animation/zombie_run2.uasset" 409
"../../../../../../Unreal Projects/Study/Content/Blueprints/AI/Enemies/Zombies/Zombie1/Animation/zombie_walk.uasset" 410
"../../../../../../Unreal Projects/Study/Content/Blueprints/AI/Enemies/Zombies/Zombie1/Animation/Idle.uasset" 411
"../../../../../../Unreal Projects/Study/Content/Blueprints/AI/Enemies/Zombies/Zombie_Type.uasset" 412
"../../../../../../Unreal Projects/Study/Content/Blueprints/AI/Enemies/Zombies/Zombie1/Zombie_animBP.uasset" 413
"../../../../../../Unreal Projects/Study/Content/Blueprints/AI/Enemies/Zombies/Zombie2/Skeleton/Zumbi02_Skeleton.uasset" 414
"../../../../../../Unreal Projects/Study/Content/Blueprints/AI/Enemies/Zombies/Zombie2/Animation/running_crawl.uasset" 415
"../../../../../../Unreal Projects/Study/Content/Blueprints/AI/Enemies/Zombies/Zombie2/Animation/running_crawl1.uasset" 416
"../../../../../../Unreal Projects/Study/Content/Blueprints/AI/Enemies/Zombies/Zombie2/Animation/zombie_idle.uasset" 417
"../../../../../../Unreal Projects/Study/Content/Blueprints/AI/Enemies/Zombies/Zombie2/Animation/zombie_run.uasset" 418
"../../../../../../Unreal Projects/Study/Content/Blueprints/AI/Enemies/Zombies/Zombie2/Animation/zombie_run1.uasset" 419
"../../../../../../Unreal Projects/Study/Content/Blueprints/AI/Enemies/Zombies/Zombie2/Animation/Idle.uasset" 420
"../../../../../../Unreal Projects/Study/Content/Blueprints/AI/Enemies/Zombies/Zombie2/Zombie2_AnimBP.uasset" 421
"../../../../../../Unreal Projects/Study/Content/Blueprints/AI/Enemies/Zombies/Zombie3/Skeleton/Zumbi_03_Skeleton.uasset" 422
"../../../../../../Unreal Projects/Study/Content/Blueprints/AI/Enemies/Zombies/Zombie3/Animation/running_crawl.uasset" 423
"../../../../../../Unreal Projects/Study/Content/Blueprints/AI/Enemies/Zombies/Zombie3/Animation/running_crawl1.uasset" 424
"../../../../../../Unreal Projects/Study/Content/Blueprints/AI/Enemies/Zombies/Zombie3/Animation/zombie_idle.uasset" 425
"../../../../../../Unreal Projects/Study/Content/Blueprints/AI/Enemies/Zombies/Zombie3/Animation/zombie_run.uasset" 426
"../../../../../../Unreal Projects/Study/Content/Blueprints/AI/Enemies/Zombies/Zombie3/Animation/Idle.uasset" 427
"../../../../../../Unreal Projects/Study/Content/Blueprints/AI/Enemies/Zombies/Zombie3/Zombie3_AnimBP.uasset" 428
"../../../../../../Unreal Projects/Study/Content/Blueprints/AI/Enemies/Zombies/Zombie1/Animation/zombie_attack.uasset" 429
"../../../../../../Unreal Projects/Study/Content/Blueprints/AI/Enemies/Zombies/Zombie1/Animation/Attack_1.uasset" 430
"../../../../../../Unreal Projects/Study/Content/Blueprints/AI/Enemies/Zombies/Zombie1/Animation/zombie_dying.uasset" 431
"../../../../../../Unreal Projects/Study/Content/Blueprints/AI/Enemies/Zombies/Zombie1/Animation/Zombie1_Die.uasset" 432
"../../../../../../Unreal Projects/Study/Content/Blueprints/AI/Enemies/Zombies/Zombie1/AI/Zombie_BC.uasset" 433
"../../../../../../Unreal Projects/Study/Content/Blueprints/AI/Enemies/Zombies/Zombie1/AI/Services/CheckLifeAndZombieType.uasset" 434
"../../../../../../Unreal Projects/Study/Content/Blueprints/AI/Enemies/Zombies/Zombie1/AI/Tasks/ChangeVeloticy.uasset" 435
"../../../../../../Unreal Projects/Study/Content/Blueprints/AI/Enemies/Zombies/Zombie1/AI/Zombie_BT.uasset" 436
"../../../../../../Unreal Projects/Study/Content/Blueprints/AI/Enemies/Zombies/Zombie1/AI/Zombie_C.uasset" 437
"../../../../../../Unreal Projects/Study/Content/Blueprints/AI/Enemies/Zombies/Zombie1/Zombie1_Cloths.uasset" 438
"../../../../../../Unreal Projects/Study/Content/Blueprints/AI/Enemies/Zombies/Zombie1/Zombie1_Skin.uasset" 439
"../../../../../../Unreal Projects/Study/Content/Blueprints/AI/Enemies/Zombies/Zombie1/Skeleton/Zumbi01_PhysicsAsset.uasset" 440
"../../../../../../Unreal Projects/Study/Content/Blueprints/AI/Enemies/Zombies/Zombie1/Skeleton/Zumbi01.uasset" 441
"../../../../../../Unreal Projects/Study/Content/Blueprints/AI/Enemies/Zombies/Zombie1/Zombie.uasset" 442
"../../../../../../Unreal Projects/Study/Content/Blueprints/AI/Enemies/Zombies/Zombie1/AI/Tasks/Attack.uasset" 443
"../../../../../../Unreal Projects/Study/Content/Blueprints/AI/Enemies/Skeletons/Skeleton2/AI/Skeleton2_BT.uasset" 444
"../../../../../../Unreal Projects/Study/Content/Blueprints/AI/Enemies/Skeletons/Skeleton2/AI/Skeleton2_PC.uasset" 445
"../../../../../../Unreal Projects/Study/Content/Blueprints/AI/Enemies/Skeletons/Skeleton2/Skeleton/SK2_PhysicsAsset.uasset" 446
"../../../../../../Unreal Projects/Study/Content/Blueprints/AI/Enemies/Skeletons/Skeleton2/Skeleton/SK2.uasset" 447
"../../../../../../Unreal Projects/Study/Content/InfinityBladeEffects/Effects/FX_Textures/Tile/T_LeachBeam_TileX.uasset" 448
"../../../../../../Unreal Projects/Study/Content/InfinityBladeEffects/Effects/FX_Materials/Mobile/M_LeachBeam_Trans.uasset" 449
"../../../../../../Unreal Projects/Study/Content/InfinityBladeEffects/Effects/FX_Monsters/FX_Monster_Elemental/ICE/P_Beam_Light.uasset" 450
"../../../../../../Unreal Projects/Study/Content/WeaponsMesh/InfinityBladeWeapons/Effects/FX/T_FogPlane01_Clouds.uasset" 451
"../../../../../../Unreal Projects/Study/Content/WeaponsMesh/InfinityBladeWeapons/Weapons/Staff/Textures/StaffofAncientsNormalsMap.uasset" 452
"../../../../../../Unreal Projects/Study/Content/WeaponsMesh/InfinityBladeWeapons/Weapons/Staff/Textures/T_Stf_StaffofAncients_D.uasset" 453
"../../../../../../Unreal Projects/Study/Content/WeaponsMesh/InfinityBladeWeapons/Weapons/Staff/Textures/T_Stf_StaffofAncients_E.uasset" 454
"../../../../../../Unreal Projects/Study/Content/WeaponsMesh/InfinityBladeWeapons/Weapons/Staff/Materials/T_Stf_StaffofAncients_D_Mat.uasset" 455
"../../../../../../Unreal Projects/Study/Content/WeaponsMesh/InfinityBladeWeapons/Weapons/Staff/StaticMesh/SM_Stf_StaffofAncients.uasset" 456
"../../../../../../Unreal Projects/Study/Content/Blueprints/AI/Enemies/Skeletons/Skeleton2/Skeleton2_BP.uasset" 457
"../../../../../../Unreal Projects/Study/Content/Blueprints/AI/Enemies/Skeletons/Skeleton2/Skeleton2_AnimBP.uasset" 458
"../../../../../../Unreal Projects/Study/Content/Blueprints/AI/Enemies/Skeletons/Skeleton1/Animation/Sword_And_Shield_Attack.uasset" 459
"../../../../../../Unreal Projects/Study/Content/Blueprints/AI/Enemies/Skeletons/Skeleton1/Animation/SK1_Attack1.uasset" 460
"../../../../../../Unreal Projects/Study/Content/Blueprints/AI/Enemies/Skeletons/Skeleton1/Animation/Sword_And_Shield_Attack__2__.uasset" 461
"../../../../../../Unreal Projects/Study/Content/Blueprints/AI/Enemies/Skeletons/Skeleton1/Animation/SK1_Attack2.uasset" 462
"../../../../../../Unreal Projects/Study/Content/Blueprints/AI/Enemies/Skeletons/Skeleton1/AI/Skeleton_BB.uasset" 463
"../../../../../../Unreal Projects/Study/Content/Blueprints/AI/Enemies/Skeletons/Skeleton1/AI/Skeleton_BT.uasset" 464
"../../../../../../Unreal Projects/Study/Content/Blueprints/AI/Enemies/Skeletons/Skeleton1/AI/Skeleton_PC.uasset" 465
"../../../../../../Unreal Projects/Study/Content/Blueprints/AI/Enemies/Skeletons/Skeleton1/Skeleton/SK1_PhysicsAsset.uasset" 466
"../../../../../../Unreal Projects/Study/Content/Blueprints/AI/Enemies/Skeletons/Skeleton1/Skeleton/SK1.uasset" 467
"../../../../../../Unreal Projects/Study/Content/WeaponsMesh/InfinityBladeWeapons/Weapons/Blade/Swords/Blade_SwordB/T_Blade_SwordB1_D.uasset" 468
"../../../../../../Unreal Projects/Study/Content/WeaponsMesh/InfinityBladeWeapons/Weapons/Blade/Swords/Blade_SwordB/T_Blade_SwordB1_N.uasset" 469
"../../../../../../Unreal Projects/Study/Content/WeaponsMesh/InfinityBladeWeapons/Weapons/Blade/Swords/Blade_SwordB/T_Blade_SwordB2_D.uasset" 470
"../../../../../../Unreal Projects/Study/Content/WeaponsMesh/InfinityBladeWeapons/Weapons/Blade/Swords/Blade_SwordB/T_Blade_SwordB2_M.uasset" 471
"../../../../../../Unreal Projects/Study/Content/WeaponsMesh/InfinityBladeWeapons/Weapons/Blade/Swords/Blade_SwordB/T_Blade_SwordB2_N.uasset" 472
"../../../../../../Unreal Projects/Study/Content/WeaponsMesh/InfinityBladeWeapons/Weapons/Blade/Swords/Blade_SwordB/M_Blade_SwordB.uasset" 473
"../../../../../../Unreal Projects/Study/Content/WeaponsMesh/InfinityBladeWeapons/Weapons/Blade/Swords/Blade_SwordB/SK_Blade_SwordB_Skeleton.uasset" 474
"../../../../../../Unreal Projects/Study/Content/WeaponsMesh/InfinityBladeWeapons/Weapons/Blade/Swords/Blade_SwordB/SK_Blade_SwordB.uasset" 475
"../../../../../../Unreal Projects/Study/Content/Blueprints/AI/Enemies/Skeletons/Skeleton1/Skeleton_BP.uasset" 476
"../../../../../../Unreal Projects/Study/Content/Blueprints/AI/Enemies/Skeletons/KingSkeleton/KingSkeleton_AnimBP.uasset" 477
"../../../../../../Unreal Projects/Study/Content/Blueprints/AI/Enemies/Skeletons/KingSkeleton/Animation/Sword_And_Shield_Casting.uasset" 478
"../../../../../../Unreal Projects/Study/Content/Blueprints/AI/Enemies/Skeletons/KingSkeleton/Animation/KS_CastFriends.uasset" 479
"../../../../../../Unreal Projects/Study/Content/Blueprints/AI/Enemies/Skeletons/KingSkeleton/Animation/Sword_And_Shield_Casting__2_.uasset" 480
"../../../../../../Unreal Projects/Study/Content/Blueprints/AI/Enemies/Skeletons/KingSkeleton/Animation/KS_CastLightningBolt.uasset" 481
"../../../../../../Unreal Projects/Study/Content/Blueprints/AI/Enemies/Skeletons/KingSkeleton/Animation/Sword_And_Shield_Death.uasset" 482
"../../../../../../Unreal Projects/Study/Content/Blueprints/AI/Enemies/Skeletons/KingSkeleton/Animation/KS_Death1.uasset" 483
"../../../../../../Unreal Projects/Study/Content/Blueprints/AI/Enemies/Skeletons/KingSkeleton/Animation/Sword_And_Shield_Death__2_.uasset" 484
"../../../../../../Unreal Projects/Study/Content/Blueprints/AI/Enemies/Skeletons/KingSkeleton/Animation/KS_Death2.uasset" 485
"../../../../../../Unreal Projects/Study/Content/Blueprints/AI/Enemies/Skeletons/KingSkeleton/Animation/Sword_And_Shield_Attack__4_.uasset" 486
"../../../../../../Unreal Projects/Study/Content/Blueprints/AI/Enemies/Skeletons/KingSkeleton/Animation/KS_FarAttack.uasset" 487
"../../../../../../Unreal Projects/Study/Content/Blueprints/AI/Enemies/Skeletons/KingSkeleton/Animation/Sword_And_Shield_Attack.uasset" 488
"../../../../../../Unreal Projects/Study/Content/Blueprints/AI/Enemies/Skeletons/KingSkeleton/Animation/KS_RangeAttack1.uasset" 489
"../../../../../../Unreal Projects/Study/Content/Blueprints/AI/Enemies/Skeletons/KingSkeleton/Animation/Sword_And_Shield_Attack__3_.uasset" 490
"../../../../../../Unreal Projects/Study/Content/Blueprints/AI/Enemies/Skeletons/KingSkeleton/Animation/KS_RangeAttack2.uasset" 491
"../../../../../../Unreal Projects/Study/Content/Blueprints/AI/Enemies/Skeletons/KingSkeleton/Animation/Sword_And_Shield_Attack__2_.uasset" 492
"../../../../../../Unreal Projects/Study/Content/Blueprints/AI/Enemies/Skeletons/KingSkeleton/Animation/KS_SimpleAttack.uasset" 493
"../../../../../../Unreal Projects/Study/Content/Blueprints/AI/Enemies/Skeletons/KingSkeleton/AI/KingSkeleton_BB.uasset" 494
"../../../../../../Unreal Projects/Study/Content/Blueprints/AI/Enemies/Skeletons/KingSkeleton/AI/Tasks/Attack_KS.uasset" 495
"../../../../../../Unreal Projects/Study/Content/Blueprints/AI/Enemies/Skeletons/KingSkeleton/AI/KingSkeleton_BT.uasset" 496
"../../../../../../Unreal Projects/Study/Content/Blueprints/AI/Enemies/Skeletons/KingSkeleton/AI/KingSkeleton_PC.uasset" 497
"../../../../../../Unreal Projects/Study/Content/Blueprints/AI/Enemies/Skeletons/KingSkeleton/Skeleton/EsqueletoChefe_PhysicsAsset.uasset" 498
"../../../../../../Unreal Projects/Study/Content/Blueprints/AI/Enemies/Skeletons/KingSkeleton/Skeleton/EsqueletoChefe.uasset" 499
"../../../../../../Unreal Projects/Study/Content/WeaponsMesh/InfinityBladeWeapons/Weapons/Blade/Axes/Blade_Segmented/T_Blade_Segmented1_D.uasset" 500
"../../../../../../Unreal Projects/Study/Content/WeaponsMesh/InfinityBladeWeapons/Weapons/Blade/Axes/Blade_Segmented/T_Blade_Segmented1_M.uasset" 501
"../../../../../../Unreal Projects/Study/Content/WeaponsMesh/InfinityBladeWeapons/Weapons/Blade/Axes/Blade_Segmented/T_Blade_Segmented1_N.uasset" 502
"../../../../../../Unreal Projects/Study/Content/WeaponsMesh/InfinityBladeWeapons/Weapons/Blade/Axes/Blade_Segmented/T_Blade_Segmented2_D.uasset" 503
"../../../../../../Unreal Projects/Study/Content/WeaponsMesh/InfinityBladeWeapons/Weapons/Blade/Axes/Blade_Segmented/T_Blade_Segmented2_M.uasset" 504
"../../../../../../Unreal Projects/Study/Content/WeaponsMesh/InfinityBladeWeapons/Weapons/Blade/Axes/Blade_Segmented/T_Blade_Segmented2_N.uasset" 505
"../../../../../../Unreal Projects/Study/Content/WeaponsMesh/InfinityBladeWeapons/Weapons/Blade/Axes/Blade_Segmented/M_Blade_Segmented.uasset" 506
"../../../../../../Unreal Projects/Study/Content/WeaponsMesh/InfinityBladeWeapons/Weapons/Blade/Axes/Blade_Segmented/SK_Blade_Segmented_Skeleton.uasset" 507
"../../../../../../Unreal Projects/Study/Content/WeaponsMesh/InfinityBladeWeapons/Weapons/Blade/Axes/Blade_Segmented/SK_Blade_Segmented.uasset" 508
"../../../../../../Unreal Projects/Study/Content/Blueprints/AI/Enemies/Skeletons/KingSkeleton/KingSkeleton_BP.uasset" 509
"../../../../../../Unreal Projects/Study/Content/Blueprints/AI/Enemies/Zombies/Boss/Skeleton/ZumbiRei_Skeleton.uasset" 510
"../../../../../../Unreal Projects/Study/Content/Blueprints/AI/Enemies/Zombies/Boss/Animation/Mutant_Walking.uasset" 511
"../../../../../../Unreal Projects/Study/Content/Blueprints/AI/Enemies/Zombies/Boss/Animation/Zombie_Idle.uasset" 512
"../../../../../../Unreal Projects/Study/Content/Blueprints/AI/Enemies/Zombies/Boss/Animation/Idle.uasset" 513
"../../../../../../Unreal Projects/Study/Content/Blueprints/AI/Enemies/Zombies/Boss/KingZombie_AnimBP.uasset" 514
"../../../../../../Unreal Projects/Study/Content/Blueprints/AI/Enemies/Zombies/Boss/Animation/Zombie_Attack2.uasset" 515
"../../../../../../Unreal Projects/Study/Content/Blueprints/AI/Enemies/Zombies/Boss/Animation/Attack_1.uasset" 516
"../../../../../../Unreal Projects/Study/Content/Blueprints/AI/Enemies/Zombies/Boss/Animation/Zombie_Attack.uasset" 517
"../../../../../../Unreal Projects/Study/Content/Blueprints/AI/Enemies/Zombies/Boss/Animation/Special1.uasset" 518
"../../../../../../Unreal Projects/Study/Content/Blueprints/AI/Enemies/Zombies/Boss/Animation/Mutant_Jump_Attack.uasset" 519
"../../../../../../Unreal Projects/Study/Content/Blueprints/AI/Enemies/Zombies/Boss/Animation/Special2.uasset" 520
"../../../../../../Unreal Projects/Study/Content/Blueprints/AI/Enemies/Zombies/Boss/Animation/Zombie_Biting.uasset" 521
"../../../../../../Unreal Projects/Study/Content/Blueprints/AI/Enemies/Zombies/Boss/Animation/Zombie_Biting_2.uasset" 522
"../../../../../../Unreal Projects/Study/Content/Blueprints/AI/Enemies/Zombies/Boss/Animation/Zombie_Scream.uasset" 523
"../../../../../../Unreal Projects/Study/Content/Blueprints/AI/Enemies/Zombies/Boss/AI/KingZombie_BC.uasset" 524
"../../../../../../Unreal Projects/Study/Content/Blueprints/AI/Enemies/Zombies/Boss/AI/Services/KingZombie_BossStart.uasset" 525
"../../../../../../Unreal Projects/Study/Content/Blueprints/AI/Enemies/Zombies/Boss/AI/Tasks/KingZombie_SimpleAttack.uasset" 526
"../../../../../../Unreal Projects/Study/Content/Blueprints/AI/Enemies/Zombies/Boss/AI/KingZombie_BT.uasset" 527
"../../../../../../Unreal Projects/Study/Content/Blueprints/AI/Enemies/Zombies/Boss/AI/KingZombie_PC.uasset" 528
"../../../../../../Unreal Projects/Study/Content/Blueprints/AI/Enemies/Zombies/Boss/Boss_Cloths.uasset" 529
"../../../../../../Unreal Projects/Study/Content/Blueprints/AI/Enemies/Zombies/Boss/Texture/ZumbiRei_Packed0_Diffuse.uasset" 530
"../../../../../../Unreal Projects/Study/Content/Blueprints/AI/Enemies/Zombies/Boss/Texture/ZumbiRei_Packed0_Gloss.uasset" 531
"../../../../../../Unreal Projects/Study/Content/Blueprints/AI/Enemies/Zombies/Boss/Texture/ZumbiRei_Packed0_Normal.uasset" 532
"../../../../../../Unreal Projects/Study/Content/Blueprints/AI/Enemies/Zombies/Boss/Texture/ZumbiRei_Packed0_Opacity.uasset" 533
"../../../../../../Unreal Projects/Study/Content/Blueprints/AI/Enemies/Zombies/Boss/Texture/ZumbiRei_Packed0_Specular.uasset" 534
"../../../../../../Unreal Projects/Study/Content/Blueprints/AI/Enemies/Zombies/Boss/Boss_Skin.uasset" 535
"../../../../../../Unreal Projects/Study/Content/Blueprints/AI/Enemies/Zombies/Boss/Skeleton/ZumbiRei_PhysicsAsset.uasset" 536
"../../../../../../Unreal Projects/Study/Content/Blueprints/AI/Enemies/Zombies/Boss/Skeleton/ZumbiRei.uasset" 537
"../../../../../../Unreal Projects/Study/Content/Blueprints/AI/Enemies/Zombies/Boss/KingZombie.uasset" 538
"../../../../../../Unreal Projects/Study/Content/Blueprints/AI/Enemies/LifeBar.uasset" 539
"../../../../../../Unreal Projects/Study/Content/Mannequin/Character/Textures/nu_packed0_diffuse.uasset" 540
"../../../../../../Unreal Projects/Study/Content/Mannequin/Character/Textures/nu_packed0_gloss.uasset" 541
"../../../../../../Unreal Projects/Study/Content/Mannequin/Character/Textures/nu_packed0_normal.uasset" 542
"../../../../../../Unreal Projects/Study/Content/Mannequin/Character/Materials/DefaultCharacter_Body.uasset" 543
"../../../../../../Unreal Projects/Study/Content/Mannequin/Character/Mesh/Idle_PhysicsAsset.uasset" 544
"../../../../../../Unreal Projects/Study/Content/Mannequin/Character/Mesh/Idle.uasset" 545
"../../../../../../Unreal Projects/Study/Content/ThirdPersonCPP/Blueprints/ThirdPersonCharacter.uasset" 546
"../../../../../../Unreal Projects/Study/Content/ThirdPersonCPP/Blueprints/TPC_PS.uasset" 547
"../../../../../../Unreal Projects/Study/Content/ThirdPersonCPP/Blueprints/StudyGameMode_BP.uasset" 548
"../../../Engine/Content/Functions/Engine_MaterialFunctions01/Opacity/CameraDepthFade.uasset" 549
"../../../Engine/Content/EngineMaterials/T_Default_Material_Grid_M.uasset" 550
"../../../Engine/Content/EngineMaterials/T_Default_Material_Grid_N.uasset" 551
"../../../Engine/Content/EngineMaterials/WorldGridMaterial.uasset" 552
"../../../Engine/Content/ArtTools/RenderToTexture/Meshes/S_1_Unit_Plane.uasset" 553
"../../../Engine/Content/EngineMaterials/DefaultMaterial.uasset" 554
"../../../Engine/Content/BasicShapes/Cone.uasset" 555
"../../../Engine/Content/BasicShapes/Cube.uasset" 556
"../../../Engine/Content/BasicShapes/Cylinder.uasset" 557
"../../../Engine/Content/BasicShapes/Plane.uasset" 558
"../../../Engine/Content/BasicShapes/Sphere.uasset" 559
"../../../Engine/Content/EngineMaterials/DefaultPhysicalMaterial.uasset" 560
"../../../Engine/Content/BufferVisualization/AmbientOcclusion.uasset" 561
"../../../Engine/Content/BufferVisualization/BaseColor.uasset" 562
"../../../Engine/Content/BufferVisualization/CustomDepth.uasset" 563
"../../../Engine/Content/Functions/Engine_MaterialFunctions02/Utility/VectorLength.uasset" 564
"../../../Engine/Content/BufferVisualization/CustomDepthWorldUnits.uasset" 565
"../../../Engine/Content/Functions/Engine_MaterialFunctions02/Utility/BreakOutFloat2Components.uasset" 566
"../../../Engine/Content/Functions/Engine_MaterialFunctions01/Texturing/ScaleUVsByCenter.uasset" 567
"../../../Engine/Content/Functions/Engine_MaterialFunctions02/ScreenResolution.uasset" 568
"../../../Engine/Content/Functions/Engine_MaterialFunctions02/Texturing/ScreenAlignedUVs.uasset" 569
"../../../Engine/Content/Functions/Engine_MaterialFunctions02/Utility/MakeFloat2.uasset" 570
"../../../Engine/Content/Functions/Engine_MaterialFunctions02/Utility/MakeFloat3.uasset" 571
"../../../Engine/Content/EngineMaterials/MiniFont.uasset" 572
"../../../Engine/Content/BufferVisualization/CustomStencil.uasset" 573
"../../../Engine/Content/BufferVisualization/FinalImage.uasset" 574
"../../../Engine/Content/BufferVisualization/LightingModel.uasset" 575
"../../../Engine/Content/BufferVisualization/MaterialAO.uasset" 576
"../../../Engine/Content/BufferVisualization/Metallic.uasset" 577
"../../../Engine/Content/BufferVisualization/Opacity.uasset" 578
"../../../Engine/Content/BufferVisualization/PostTonemapHDRColor.uasset" 579
"../../../Engine/Content/BufferVisualization/PreTonemapHDRColor.uasset" 580
"../../../Engine/Content/BufferVisualization/Roughness.uasset" 581
"../../../Engine/Content/BufferVisualization/SceneColor.uasset" 582
"../../../Engine/Content/BufferVisualization/SceneDepth.uasset" 583
"../../../Engine/Content/BufferVisualization/SceneDepthWorldUnits.uasset" 584
"../../../Engine/Content/BufferVisualization/SeparateTranslucencyA.uasset" 585
"../../../Engine/Content/BufferVisualization/SeparateTranslucencyRGB.uasset" 586
"../../../Engine/Content/BufferVisualization/Specular.uasset" 587
"../../../Engine/Content/BufferVisualization/SubsurfaceColor.uasset" 588
"../../../Engine/Content/BufferVisualization/Velocity.uasset" 589
"../../../Engine/Content/BufferVisualization/WorldNormal.uasset" 590
"../../../Engine/Content/EditorLandscapeResources/DataLayer.uasset" 591
"../../../Engine/Content/EditorLandscapeResources/DefaultAlphaTexture.uasset" 592
"../../../Engine/Content/EditorLandscapeResources/LandscapeGizmoHeight_Mat.uasset" 593
"../../../Engine/Content/EditorLandscapeResources/LandscapeGizmo_Mat.uasset" 594
"../../../Engine/Content/EditorLandscapeResources/LandscapeGizmo_Mat_Copied.uasset" 595
"../../../Engine/Content/EditorLandscapeResources/SplineEditorMeshMat.uasset" 596
"../../../Engine/Content/EditorLandscapeResources/SplineEditorMesh.uasset" 597
"../../../Engine/Content/EditorMaterials/Cross.uasset" 598
"../../../Engine/Content/EditorMaterials/Cross_Mat.uasset" 599
"../../../Engine/Content/EditorMaterials/GizmoMaterial.uasset" 600
"../../../Engine/Content/Functions/Engine_MaterialFunctions02/ExampleContent/Textures/flipbook.uasset" 601
"../../../Engine/Content/Functions/Engine_MaterialFunctions02/Texturing/FlipBook.uasset" 602
"../../../Engine/Content/Functions/Engine_MaterialFunctions02/Utility/Sign.uasset" 603
"../../../Engine/Content/Functions/Engine_MaterialFunctions02/Utility/Round.uasset" 604
"../../../Engine/Content/EditorResources/T_EditorHelp.uasset" 605
"../../../Engine/Content/EditorMaterials/HelpActorMaterial.uasset" 606
"../../../Engine/Content/EditorMaterials/CompositeARGBLayer.uasset" 607
"../../../Engine/Content/EditorMaterials/TilingAALineIntegral.uasset" 608
"../../../Engine/Content/EditorMaterials/TilingAALineBoxFiltered.uasset" 609
"../../../Engine/Content/Functions/Engine_MaterialFunctions03/Procedurals/ComputeFilterWidth.uasset" 610
"../../../Engine/Content/EditorMaterials/TilingAADots.uasset" 611
"../../../Engine/Content/EngineMaterials/BlendFunc_DefBase.uasset" 612
"../../../Engine/Content/EngineMaterials/BlendFunc_DefBlend.uasset" 613
"../../../Engine/Content/Functions/Engine_MaterialFunctions03/Blends/Blend_Screen.uasset" 614
"../../../Engine/Content/EditorMaterials/TilingAAGrid.uasset" 615
"../../../Engine/Content/EditorMaterials/LevelGridMaterial.uasset" 616
"../../../Engine/Content/EditorMaterials/MakeCompositeARGBLayer.uasset" 617
"../../../Engine/Content/EditorResources/LevelGrid1DStripes.uasset" 618
"../../../Engine/Content/EditorMaterials/TextureGridCascaded1D.uasset" 619
"../../../Engine/Content/EditorMaterials/TextureGridCascaded2D.uasset" 620
"../../../Engine/Content/EditorMaterials/LevelGridMaterial2.uasset" 621
"../../../Engine/Content/EditorMaterials/MAT_Groups_Toggle.uasset" 622
"../../../Engine/Content/EditorMaterials/MAT_Groups_Visibility.uasset" 623
"../../../Engine/Content/EditorMaterials/PhAT_BoneSelectedMaterial.uasset" 624
"../../../Engine/Content/EditorMaterials/PhAT_ElemSelectedMaterial.uasset" 625
"../../../Engine/Content/EditorMaterials/PhAT_NoCollisionMaterial.uasset" 626
"../../../Engine/Content/EditorMaterials/PhAT_UnselectedMaterial.uasset" 627
"../../../Engine/Content/EditorMaterials/PreviewShadowIndicator.uasset" 628
"../../../Engine/Content/EditorMaterials/PreviewShadowIndicatorMaterial.uasset" 629
"../../../Engine/Content/EditorMaterials/TargetIcon.uasset" 630
"../../../Engine/Content/EditorMaterials/Tick.uasset" 631
"../../../Engine/Content/EditorMaterials/Tick_Mat.uasset" 632
"../../../Engine/Content/EditorMaterials/WidgetGridVertexColorMaterial.uasset" 633
"../../../Engine/Content/EditorMaterials/WidgetGridVertexColorMaterial_Ma.uasset" 634
"../../../Engine/Content/EditorMaterials/WidgetMaterial.uasset" 635
"../../../Engine/Content/EditorMaterials/WidgetMaterial_Current.uasset" 636
"../../../Engine/Content/EditorMaterials/WidgetMaterial_X.uasset" 637
"../../../Engine/Content/EditorMaterials/WidgetMaterial_Y.uasset" 638
"../../../Engine/Content/EditorMaterials/WidgetMaterial_Z.uasset" 639
"../../../Engine/Content/EditorMaterials/WidgetVertexColorMaterial.uasset" 640
"../../../Engine/Content/EditorMaterials/MatineeGroups/MAT_ColorTrack.uasset" 641
"../../../Engine/Content/EditorMaterials/MatineeGroups/MAT_Groups_Anim.uasset" 642
"../../../Engine/Content/EditorMaterials/MatineeGroups/MAT_Groups_AudioMaster.uasset" 643
"../../../Engine/Content/EditorMaterials/MatineeGroups/MAT_Groups_Director.uasset" 644
"../../../Engine/Content/EditorMaterials/MatineeGroups/MAT_Groups_Event.uasset" 645
"../../../Engine/Content/EditorMaterials/MatineeGroups/MAT_Groups_Fade.uasset" 646
"../../../Engine/Content/EditorMaterials/MatineeGroups/MAT_Groups_Float.uasset" 647
"../../../Engine/Content/EditorMaterials/MatineeGroups/MAT_Groups_Move.uasset" 648
"../../../Engine/Content/EditorMaterials/MatineeGroups/MAT_Groups_Slomo.uasset" 649
"../../../Engine/Content/EditorMaterials/MatineeGroups/MAT_Groups_Sound.uasset" 650
"../../../Engine/Content/EditorMaterials/MatineeGroups/MAT_Groups_Vector.uasset" 651
"../../../Engine/Content/EditorMaterials/ParticleSystems/PSysThumbnail_NoImage.uasset" 652
"../../../Engine/Content/EditorMaterials/ParticleSystems/PSysThumbnail_OOD.uasset" 653
"../../../Engine/Content/EngineMaterials/Grid.uasset" 654
"../../../Engine/Content/EditorMaterials/Thumbnails/FloorPlaneMaterial.uasset" 655
"../../../Engine/Content/EditorMeshes/EditorCube.uasset" 656
"../../../Engine/Content/EditorMeshes/EditorCylinder.uasset" 657
"../../../Engine/Content/EditorMeshes/EditorPlane.uasset" 658
"../../../Engine/Content/EditorMaterials/Thumbnails/SkySphereMaterial.uasset" 659
"../../../Engine/Content/EditorMeshes/EditorSkySphere.uasset" 660
"../../../Engine/Content/EditorMeshes/EditorSphere.uasset" 661
"../../../Engine/Content/EditorResources/MatineeCam_D.uasset" 662
"../../../Engine/Content/EditorMaterials/MatineeCam_mat.uasset" 663
"../../../Engine/Content/EditorMeshes/MatineeCam_SM.uasset" 664
"../../../Engine/Content/EditorMeshes/PlanarReflectionPlane.uasset" 665
"../../../Engine/Content/EditorMaterials/Camera/CineMat.uasset" 666
"../../../Engine/Content/EditorMaterials/Camera/MI_CineMat_CameraBody.uasset" 667
"../../../Engine/Content/EngineDebugMaterials/M_SimpleOpaque.uasset" 668
"../../../Engine/Content/EditorMaterials/Camera/MI_CineMat_CamViewFinder.uasset" 669
"../../../Engine/Content/EditorMeshes/Camera/SM_CineCam.uasset" 670
"../../../Engine/Content/EditorMaterials/Camera/MI_CineMat_Rig.uasset" 671
"../../../Engine/Content/EditorMeshes/Camera/SM_CraneRig_Arm.uasset" 672
"../../../Engine/Content/EditorMeshes/Camera/SM_CraneRig_Base.uasset" 673
"../../../Engine/Content/EditorMeshes/Camera/SM_CraneRig_Body.uasset" 674
"../../../Engine/Content/EditorMeshes/Camera/SM_CraneRig_Mount.uasset" 675
"../../../Engine/Content/EditorMeshes/Camera/SM_RailRig_Mount.uasset" 676
"../../../Engine/Content/EditorMeshes/Camera/SM_RailRig_Track.uasset" 677
"../../../Engine/Content/EditorMeshes/ColorCalibrator/M_ChromeBall.uasset" 678
"../../../Engine/Content/EditorResources/Bad.uasset" 679
"../../../Engine/Content/EditorResources/BSPVertex.uasset" 680
"../../../Engine/Content/EditorResources/EmptyActor.uasset" 681
"../../../Engine/Content/EditorResources/MatInstActSprite.uasset" 682
"../../../Engine/Content/EditorResources/SceneManager.uasset" 683
"../../../Engine/Content/EditorResources/SmallFont.uasset" 684
"../../../Engine/Content/EditorResources/S_Actor.uasset" 685
"../../../Engine/Content/EditorResources/S_DecalActorIcon.uasset" 686
"../../../Engine/Content/EditorResources/S_Emitter.uasset" 687
"../../../Engine/Content/EditorResources/S_ExpoHeightFog.uasset" 688
"../../../Engine/Content/EditorResources/S_FTest.uasset" 689
"../../../Engine/Content/EditorResources/S_KBSJoint.uasset" 690
"../../../Engine/Content/EditorResources/S_KHinge.uasset" 691
"../../../Engine/Content/EditorResources/S_KPrismatic.uasset" 692
"../../../Engine/Content/EditorResources/S_LevelSequence.uasset" 693
"../../../Engine/Content/EditorResources/S_NavP.uasset" 694
"../../../Engine/Content/EditorResources/S_Note.uasset" 695
"../../../Engine/Content/EditorResources/S_Player.uasset" 696
"../../../Engine/Content/EditorResources/S_PortalActorIcon2.uasset" 697
"../../../Engine/Content/EditorResources/S_RadForce.uasset" 698
"../../../Engine/Content/EditorResources/S_ReflActorIcon.uasset" 699
"../../../Engine/Content/EditorResources/S_Terrain.uasset" 700
"../../../Engine/Content/EditorResources/S_TextRenderActorIcon.uasset" 701
"../../../Engine/Content/EditorResources/S_Thruster.uasset" 702
"../../../Engine/Content/EditorResources/S_Trigger.uasset" 703
"../../../Engine/Content/EditorResources/S_VectorFieldVol.uasset" 704
"../../../Engine/Content/EditorResources/S_WindDirectional.uasset" 705
"../../../Engine/Content/EditorResources/AI/S_NavLink.uasset" 706
"../../../Engine/Content/EditorResources/LightIcons/SkyLight.uasset" 707
"../../../Engine/Content/EditorResources/LightIcons/S_LightDirectional.uasset" 708
"../../../Engine/Content/EditorResources/LightIcons/S_LightDirectionalMove.uasset" 709
"../../../Engine/Content/EditorResources/LightIcons/S_LightError.uasset" 710
"../../../Engine/Content/EditorResources/LightIcons/S_LightPoint.uasset" 711
"../../../Engine/Content/EditorResources/LightIcons/S_LightPointMove.uasset" 712
"../../../Engine/Content/EditorResources/LightIcons/S_LightSpot.uasset" 713
"../../../Engine/Content/EditorResources/LightIcons/S_LightSpotMove.uasset" 714
"../../../Engine/Content/EditorResources/SequenceRecorder/Countdown.uasset" 715
"../../../Engine/Content/EditorResources/SequenceRecorder/RecordingIndicator.uasset" 716
"../../../Engine/Content/EditorResources/Spline/T_Loft_Spline.uasset" 717
"../../../Engine/Content/EditorSounds/Notifications/CompileFailed.uasset" 718
"../../../Engine/Content/EditorSounds/Notifications/CompileFailed_Cue.uasset" 719
"../../../Engine/Content/EditorSounds/Notifications/CompileSuccess.uasset" 720
"../../../Engine/Content/EditorSounds/Notifications/CompileStart_Cue.uasset" 721
"../../../Engine/Content/EditorSounds/Notifications/CompileSuccess_Cue.uasset" 722
"../../../Engine/Content/EngineDamageTypes/DmgTypeBP_Environmental.uasset" 723
"../../../Engine/Content/EngineDebugMaterials/HeatmapGradient.uasset" 724
"../../../Engine/Content/EngineDebugMaterials/BoneWeightMaterial.uasset" 725
"../../../Engine/Content/EngineDebugMaterials/ClothMaterial.uasset" 726
"../../../Engine/Content/EngineDebugMaterials/ClothMaterial_WF.uasset" 727
"../../../Engine/Content/EngineDebugMaterials/DebugEditorMaterial.uasset" 728
"../../../Engine/Content/EngineDebugMaterials/DebugMeshMaterial.uasset" 729
"../../../Engine/Content/EngineDebugMaterials/GeomMaterial.uasset" 730
"../../../Engine/Content/Functions/Engine_MaterialFunctions01/Shading/ConvertFromDiffSpec.uasset" 731
"../../../Engine/Content/EngineDebugMaterials/LevelColorationLitMaterial.uasset" 732
"../../../Engine/Content/EngineDebugMaterials/LevelColorationUnlitMaterial.uasset" 733
"../../../Engine/Content/EngineMaterials/DefaultWhiteGrid.uasset" 734
"../../../Engine/Content/EngineDebugMaterials/MAT_LevelColorationLitLightmapUV.uasset" 735
"../../../Engine/Content/EngineDebugMaterials/M_SimpleTranslucent.uasset" 736
"../../../Engine/Content/EngineDebugMaterials/ShadedLevelColorationLitMaterial.uasset" 737
"../../../Engine/Content/EngineDebugMaterials/ShadedLevelColorationUnlitMateri.uasset" 738
"../../../Engine/Content/EngineDebugMaterials/VertexColorMaterial.uasset" 739
"../../../Engine/Content/EngineDebugMaterials/VertexColorViewMode_AlphaAsColor.uasset" 740
"../../../Engine/Content/EngineDebugMaterials/VertexColorViewMode_BlueOnly.uasset" 741
"../../../Engine/Content/EngineDebugMaterials/VertexColorViewMode_ColorOnly.uasset" 742
"../../../Engine/Content/EngineDebugMaterials/VertexColorViewMode_GreenOnly.uasset" 743
"../../../Engine/Content/EngineDebugMaterials/VertexColorViewMode_RedOnly.uasset" 744
"../../../Engine/Content/EngineDebugMaterials/WireframeMaterial.uasset" 745
"../../../Engine/Content/EngineFonts/Faces/RobotoBold.uasset" 746
"../../../Engine/Content/EngineFonts/Faces/RobotoBoldItalic.uasset" 747
"../../../Engine/Content/EngineFonts/Faces/RobotoItalic.uasset" 748
"../../../Engine/Content/EngineFonts/Faces/RobotoLight.uasset" 749
"../../../Engine/Content/EngineFonts/Faces/RobotoRegular.uasset" 750
"../../../Engine/Content/EngineFonts/Roboto.uasset" 751
"../../../Engine/Content/EngineFonts/Faces/RobotoTiny.uasset" 752
"../../../Engine/Content/EngineFonts/RobotoTiny.uasset" 753
"../../../Engine/Content/EngineFonts/SmallFont.uasset" 754
"../../../Engine/Content/EngineFonts/TinyFont.uasset" 755
"../../../Engine/Content/EngineMaterials/BaseFlattenDiffuseMap.uasset" 756
"../../../Engine/Content/EngineMaterials/BaseFlattenEmissiveMap.uasset" 757
"../../../Engine/Content/EngineMaterials/BaseFlattenGrayscaleMap.uasset" 758
"../../../Engine/Content/EngineMaterials/BaseFlattenNormalMap.uasset" 759
"../../../Engine/Content/EngineMaterials/BaseFlattenMaterial.uasset" 760
"../../../Engine/Content/EngineResources/WhiteSquareTexture.uasset" 761
"../../../Engine/Content/EngineMaterials/BlinkingCaret.uasset" 762
"../../../Engine/Content/EngineMaterials/DefaultBloomKernel.uasset" 763
"../../../Engine/Content/EngineMaterials/DefaultBokeh.uasset" 764
"../../../Engine/Content/EngineMaterials/DefaultDiffuse.uasset" 765
"../../../Engine/Content/EngineMaterials/DefaultDeferredDecalMaterial.uasset" 766
"../../../Engine/Content/EngineMaterials/DefaultLightFunctionMaterial.uasset" 767
"../../../Engine/Content/EngineMaterials/DefaultNormal.uasset" 768
"../../../Engine/Content/EngineMaterials/DefaultPostProcessMaterial.uasset" 769
"../../../Engine/Content/EngineFonts/RobotoDistanceField.uasset" 770
"../../../Engine/Content/EngineMaterials/DefaultTextMaterialOpaque.uasset" 771
"../../../Engine/Content/EngineMaterials/EditorBrushMaterial.uasset" 772
"../../../Engine/Content/EngineMaterials/Good64x64TilingNoiseHighFreq.uasset" 773
"../../../Engine/Content/EngineMaterials/Grid_N.uasset" 774
"../../../Engine/Content/EngineMaterials/HighResolutionScreenshotMaskFunction.uasset" 775
"../../../Engine/Content/EngineMaterials/HighResScreenshot.uasset" 776
"../../../Engine/Content/EngineMaterials/HighResScreenshotCaptureRegion.uasset" 777
"../../../Engine/Content/EngineMaterials/HighResScreenshotMask.uasset" 778
"../../../Engine/Content/EngineMaterials/LandscapeHolePhysicalMaterial.uasset" 779
"../../../Engine/Content/EngineMaterials/InvalidLightmapSettings.uasset" 780
"../../../Engine/Content/EngineMaterials/M_InvalidLightmapSettings.uasset" 781
"../../../Engine/Content/EngineMaterials/PaperDiffuse.uasset" 782
"../../../Engine/Content/EngineMaterials/PaperNormal.uasset" 783
"../../../Engine/Content/Functions/Engine_MaterialFunctions02/WorldPositionOffset/CameraOffset.uasset" 784
"../../../Engine/Content/EngineMaterials/PhAT_JointLimitMaterial.uasset" 785
"../../../Engine/Content/EngineMaterials/PhysMat_Rubber.uasset" 786
"../../../Engine/Content/EngineMaterials/PreintegratedSkinBRDF.uasset" 787
"../../../Engine/Content/EngineMaterials/RemoveSurfaceMaterial.uasset" 788
"../../../Engine/Content/EngineMaterials/WeightMapPlaceholderTexture.uasset" 789
"../../../Engine/Content/EngineMaterials/Widget3DPassThrough.uasset" 790
"../../../Engine/Content/EngineMaterials/Widget3DPassThrough_Masked.uasset" 791
"../../../Engine/Content/EngineMaterials/Widget3DPassThrough_Opaque.uasset" 792
"../../../Engine/Content/EngineMaterials/Widget3DPassThrough_Masked_OneSided.uasset" 793
"../../../Engine/Content/EngineMaterials/Widget3DPassThrough_Opaque_OneSided.uasset" 794
"../../../Engine/Content/EngineMaterials/Widget3DPassThrough_Translucent.uasset" 795
"../../../Engine/Content/EngineMaterials/Widget3DPassThrough_Translucent_OneSided.uasset" 796
"../../../Engine/Content/EngineMeshes/Cylinder.uasset" 797
"../../../Engine/Content/EngineMeshes/Sphere.uasset" 798
"../../../Engine/Content/EngineResources/DefaultTexture.uasset" 799
"../../../Engine/Content/EngineResources/DefaultTextureCube.uasset" 800
"../../../Engine/Content/EngineResources/DefaultVolumeTexture2D.uasset" 801
"../../../Engine/Content/EngineResources/DefaultVolumeTexture.uasset" 802
"../../../Engine/Content/EngineResources/GradientTexture0.uasset" 803
"../../../Engine/Content/EngineResources/StreamingPauseIcon.uasset" 804
"../../../Engine/Content/EngineResources/M_StreamingPause.uasset" 805
"../../../Engine/Content/EngineSounds/Master.uasset" 806
"../../../Engine/Content/Functions/Engine_MaterialFunctions01/Shading/PowerToRoughness.uasset" 807
"../../../Engine/Content/Maps/Templates/Thumbnails/Default.uasset" 808
"../../../Engine/Content/Maps/Templates/Thumbnails/VR-Basic.uasset" 809
"../../../Engine/Content/MapTemplates/Sky/DaylightAmbientCubemap.uasset" 810
"../../../Engine/Content/MobileResources/T_MobileControls_texture.uasset" 811
"../../../Engine/Content/MobileResources/T_MobileMenu2.uasset" 812
"../../../Engine/Content/MobileResources/HUD/AnalogHat.uasset" 813
"../../../Engine/Content/MobileResources/HUD/VirtualJoystick_Background.uasset" 814
"../../../Engine/Content/MobileResources/HUD/VirtualJoystick_Thumb.uasset" 815
"../../../Engine/Content/MobileResources/HUD/DefaultVirtualJoysticks.uasset" 816
"../../../Engine/Content/MobileResources/HUD/LeftVirtualJoystickOnly.uasset" 817
"../../../Engine/Content/MobileResources/HUD/MobileHUDButton1_off.uasset" 818
"../../../Engine/Content/MobileResources/HUD/MobileHUDButton1_on.uasset" 819
"../../../Engine/Content/MobileResources/HUD/MobileHUDButton2_off.uasset" 820
"../../../Engine/Content/MobileResources/HUD/MobileHUDButton2_on.uasset" 821
"../../../Engine/Content/MobileResources/HUD/MobileHUDButton3.uasset" 822
"../../../Engine/Content/MobileResources/HUD/MobileHUDButtonFire.uasset" 823
"../../../Engine/Content/MobileResources/HUD/MobileHUDDirectionPad.uasset" 824
"../../../Engine/Content/MobileResources/HUD/MobileHUDDirectionPad2.uasset" 825
"../../../Engine/Content/MobileResources/HUD/MobileHUDDirectionPad3.uasset" 826
"../../../Engine/Content/MobileResources/HUD/MobileHUDDirectionStick.uasset" 827
"../../../Engine/Content/MobileResources/HUD/T_Castle_ThumbstickInner.uasset" 828
"../../../Engine/Content/MobileResources/HUD/T_Castle_ThumbstickOutter.uasset" 829
"../../../Engine/Content/Tutorial/ContentIntroCurve.uasset" 830
"../../../Engine/Content/Tutorial/Basics/LevelEditorAttract.uasset" 831
"../../../Engine/Content/Tutorial/Basics/TutorialAssets/icon_tab_Levels_40x.uasset" 832
"../../../Engine/Content/Tutorial/Basics/LevelEditorOverview.uasset" 833
"../../../Engine/Content/Tutorial/BlueprintTutorials/TutorialAssets/Blueprint_64x.uasset" 834
"../../../Engine/Content/Tutorial/Foliage/TutorialAssets/Foliage.uasset" 835
"../../../Engine/Content/Tutorial/Landscape/TutorialAssets/Landscape.uasset" 836
"../../../Engine/Content/Tutorial/Paper2D/TutorialAssets/Paper2DSprite_TutorialIcon.uasset" 837
"../../../Engine/Content/Tutorial/SubEditors/TutorialAssets/icon_Editor_Preferences_General_40x.uasset" 838
"../../../Engine/Content/Tutorial/SubEditors/TutorialAssets/icon_ShowSkeletalMeshes_40x.uasset" 839
"../../../Engine/Content/VREditor/LaserPointer/VR_LaserPower_01.uasset" 840
"../../../Engine/Content/VREditor/TransformGizmo/TransformGizmoMaterial.uasset" 841
"../../../Engine/Content/VREditor/TransformGizmo/TranslucentTransformGizmoMaterial.uasset" 842
"../../../Engine/Content/VREditor/TransformGizmo/BoundingBoxCorner.uasset" 843
"../../../Engine/Content/VREditor/TransformGizmo/BoundingBoxEdge.uasset" 844
"../../../Engine/Content/VREditor/TransformGizmo/PlaneTranslationHandle.uasset" 845
"../../../Engine/Content/VREditor/TransformGizmo/Main.uasset" 846
"../../../Engine/Content/VREditor/TransformGizmo/Xray.uasset" 847
"../../../Engine/Content/VREditor/TransformGizmo/SM_Sequencer_Key.uasset" 848
"../../../Engine/Content/VREditor/TransformGizmo/SM_Sequencer_Node.uasset" 849
"../../../Engine/Content/Animation/DefaultAnimCurveCompressionSettings.uasset" 850
"../../../../../../Unreal Projects/Study/Content/UI/arrow-cursor.uasset" 851
"../../../../../../Unreal Projects/Study/Content/UI/MouseCursor.uasset" 852
"../../../../../../Unreal Projects/Study/Content/UI/Actions/SkillTree/Images/Skills/Archier/archer.uasset" 853
"../../../../../../Unreal Projects/Study/Content/UI/Actions/SkillTree/Images/Skills/Archier/bullseye.uasset" 854
"../../../../../../Unreal Projects/Study/Content/UI/Actions/SkillTree/Images/Skills/Archier/charged-arrow.uasset" 855
"../../../../../../Unreal Projects/Study/Content/UI/Actions/SkillTree/Images/Skills/Archier/cheerful.uasset" 856
"../../../../../../Unreal Projects/Study/Content/UI/Actions/SkillTree/Images/Skills/Archier/double-shot.uasset" 857
"../../../../../../Unreal Projects/Study/Content/UI/Actions/SkillTree/Images/Skills/Archier/flaming-arrow.uasset" 858
"../../../../../../Unreal Projects/Study/Content/UI/Actions/SkillTree/Images/Skills/Archier/frozen-arrow.uasset" 859
"../../../../../../Unreal Projects/Study/Content/UI/Actions/SkillTree/Images/Skills/Archier/high-shot.uasset" 860
"../../../../../../Unreal Projects/Study/Content/UI/Actions/SkillTree/Images/Skills/Archier/striking-arrows.uasset" 861
"../../../../../../Unreal Projects/Study/Content/UI/Actions/SkillTree/Images/Skills/Archier/tron-arrow.uasset" 862
"../../../../../../Unreal Projects/Study/Content/UI/Actions/SkillTree/Images/Skills/Archier/william-tell-skull.uasset" 863
"../../../../../../Unreal Projects/Study/Content/UI/Actions/SkillTree/Images/Skills/Magician/burning-meteor.uasset" 864
"../../../../../../Unreal Projects/Study/Content/UI/Actions/SkillTree/Images/Skills/Magician/dandelion-flower.uasset" 865
"../../../../../../Unreal Projects/Study/Content/UI/Actions/SkillTree/Images/Skills/Magician/focused-lightning.uasset" 866
"../../../../../../Unreal Projects/Study/Content/UI/Actions/SkillTree/Images/Skills/Magician/ice-bolt.uasset" 867
"../../../../../../Unreal Projects/Study/Content/UI/Actions/SkillTree/Images/Skills/Magician/ice-golem.uasset" 868
"../../../../../../Unreal Projects/Study/Content/UI/Actions/SkillTree/Images/Skills/Magician/lightning-electron.uasset" 869
"../../../../../../Unreal Projects/Study/Content/UI/Actions/SkillTree/Images/Skills/Magician/prayer.uasset" 870
"../../../../../../Unreal Projects/Study/Content/UI/Actions/SkillTree/Images/Skills/Magician/rock.uasset" 871
"../../../../../../Unreal Projects/Study/Content/UI/Actions/SkillTree/Images/Skills/Magician/teleport.uasset" 872
"../../../../../../Unreal Projects/Study/Content/UI/Actions/SkillTree/Images/Skills/Magician/three-burning-balls.uasset" 873
"../../../../../../Unreal Projects/Study/Content/UI/Actions/SkillTree/Images/Skills/Magician/transfuse.uasset" 874
"../../../../../../Unreal Projects/Study/Content/UI/Actions/SkillTree/Images/Skills/Warrior/disintegrate.uasset" 875
"../../../../../../Unreal Projects/Study/Content/UI/Actions/SkillTree/Images/Skills/Warrior/spinning-blades.uasset" 876
"../../../../../../Unreal Projects/Study/Content/UI/Actions/SkillTree/Images/Skills/Warrior/suicide.uasset" 877
"../../../../../../Unreal Projects/Study/Content/UI/Life/Images/Stats.uasset" 878
"../../Plugins/2D/Paper2D/Content/PlaceholderTextures/DummySpriteTexture.uasset" 879
"../../Plugins/2D/Paper2D/Content/DummySprite.uasset" 880
"../../Plugins/2D/Paper2D/Content/DefaultPaperTerrainMaterial.uasset" 881
"../../Plugins/2D/Paper2D/Content/DefaultSpriteMaterial.uasset" 882
"../../Plugins/2D/Paper2D/Content/MaskedUnlitSpriteMaterial.uasset" 883
"../../Plugins/2D/Paper2D/Content/OpaqueUnlitSpriteMaterial.uasset" 884
"../../Plugins/Runtime/Oculus/OculusVR/Content/OculusMR_RenderTarget.uasset" 885
"../../../Engine/Content/Functions/Engine_MaterialFunctions02/Utility/BreakOutFloat4Components.uasset" 886
"../../Plugins/Runtime/Oculus/OculusVR/Content/Materials/OculusMR_ChromaKey.uasset" 887
"../../Plugins/Runtime/Oculus/OculusVR/Content/Materials/OculusMR_ChromaKey_Lit.uasset" 888
"../../Plugins/Runtime/Oculus/OculusVR/Content/Materials/OculusMR_OpaqueColoredMaterial.uasset" 889
"../../Plugins/Runtime/Oculus/OculusVR/Content/Materials/OculusMR_WhiteMaterial.uasset" 890
"../../Plugins/Runtime/Oculus/OculusVR/Content/Materials/PokeAHoleMaterial.uasset" 891
"../../Plugins/Runtime/Oculus/OculusVR/Content/Textures/GearVRController_AO.uasset" 892
"../../Plugins/Runtime/Oculus/OculusVR/Content/Textures/GearVRController_Color.uasset" 893
"../../Plugins/Runtime/Oculus/OculusVR/Content/Textures/GearVRController_Normal.uasset" 894
"../../Plugins/Runtime/Oculus/OculusVR/Content/Materials/GearVRControllerMaterial.uasset" 895
"../../Plugins/Runtime/Oculus/OculusVR/Content/Meshes/GearVrController.uasset" 896
"../../Plugins/Runtime/Oculus/OculusVR/Content/Textures/touchController_albedo.uasset" 897
"../../Plugins/Runtime/Oculus/OculusVR/Content/Textures/touchController_controlmap.uasset" 898
"../../Plugins/Runtime/Oculus/OculusVR/Content/Materials/touchController_mat.uasset" 899
"../../Plugins/Runtime/Oculus/OculusVR/Content/Meshes/LeftTouchController.uasset" 900
"../../Plugins/Runtime/Oculus/OculusVR/Content/Meshes/RiftHMD.uasset" 901
"../../Plugins/Runtime/Oculus/OculusVR/Content/Meshes/RightTouchController.uasset" 902
"../../../Engine/Content/EngineSky/C_Sky_Cloud_Color.uasset" 903
"../../../Engine/Content/EngineSky/C_Sky_Horizon_Color.uasset" 904
"../../../Engine/Content/EngineSky/C_Sky_Zenith_Color.uasset" 905
"../../../Engine/Content/EngineSky/T_Sky_Blue.uasset" 906
"../../../Engine/Content/EngineSky/T_Sky_Clouds_M.uasset" 907
"../../../Engine/Content/EngineSky/T_Sky_Stars.uasset" 908
"../../../Engine/Content/EngineSky/M_Sky_Panning_Clouds2.uasset" 909
"../../../Engine/Content/EngineSky/SM_SkySphere.uasset" 910
"../../../Engine/Content/EngineSky/BP_Sky_Sphere.uasset" 911
"../../../../../../Unreal Projects/Study/Content/Blueprints/Inventory/Pickup/Blunt.uasset" 912
"../../../../../../Unreal Projects/Study/Content/Blueprints/Inventory/Pickup/Helmet.uasset" 913
"../../../../../../Unreal Projects/Study/Content/Blueprints/Inventory/Pickup/Shield.uasset" 914
"../../../../../../Unreal Projects/Study/Content/Blueprints/Inventory/Pickup/Shirt.uasset" 915
"../../../../../../Unreal Projects/Study/Content/Blueprints/Inventory/Pickup/Shoes.uasset" 916
"../../../../../../Unreal Projects/Study/Content/Blueprints/Inventory/Pickup/Sword.uasset" 917
"../../../../../../Unreal Projects/Study/Content/ThirdPersonCPP/Maps/ThirdPersonExampleMap_BuiltData.uasset" 918
"../../../../../../Unreal Projects/Study/Content/Geometry/Meshes/CubeMaterial.uasset" 919
"../../../Engine/Content/Functions/Engine_MaterialFunctions02/SplitComponents.uasset" 920
"../../../../../../Unreal Projects/Study/Content/Materials/MF_ConvolveTexture.uasset" 921
"../../../../../../Unreal Projects/Study/Content/Materials/MF_ExtractDepth.uasset" 922
"../../../../../../Unreal Projects/Study/Content/Materials/MF_SampleSceneTextureNeighbourUVs.uasset" 923
"../../../../../../Unreal Projects/Study/Content/Materials/PP_Outliner_M.uasset" 924
"../../../../../../Unreal Projects/Study/Content/Materials/PP_Outliner_Inst.uasset" 925
"../../../../../../Unreal Projects/Study/Content/Geometry/Meshes/1M_Cube.uasset" 926
"../../../../../../Unreal Projects/Study/Content/Geometry/Meshes/1M_Cube_Chamfer.uasset" 927
"../../../../../../Unreal Projects/Study/Content/Geometry/Meshes/TemplateFloor.uasset" 928
"../../../../../../Unreal Projects/Study/Content/Mannequin/Character/Mesh/Clothing/pants_PhysicsAsset.uasset" 929
"../../../../../../Unreal Projects/Study/Content/Mannequin/Character/Mesh/Clothing/pants.uasset" 930
"../../../../../../Unreal Projects/Study/Content/Mannequin/Character/Mesh/Clothing/test.uasset" 931
"../../../../../../Unreal Projects/Study/Content/ThirdPerson/Meshes/RampMaterial.uasset" 932
"../../../../../../Unreal Projects/Study/Content/ThirdPerson/Meshes/Bump_StaticMesh.uasset" 933
"../../../../../../Unreal Projects/Study/Content/ThirdPerson/Meshes/LeftArm_StaticMesh.uasset" 934
"../../../../../../Unreal Projects/Study/Content/ThirdPerson/Meshes/Linear_Stair_StaticMesh.uasset" 935
"../../../../../../Unreal Projects/Study/Content/ThirdPerson/Meshes/Ramp_StaticMesh.uasset" 936
"../../../../../../Unreal Projects/Study/Content/ThirdPerson/Meshes/RightArm_StaticMesh.uasset" 937
"../../../../../../Unreal Projects/Study/Content/ThirdPersonCPP/Maps/ThirdPersonExampleMap.umap" 938
"../../../Engine/Content/Maps/Entry_BuiltData.uasset" 939
"../../../Engine/Content/Maps/Entry.umap" 940
